<?xml version="1.0" encoding="UTF-8"?>
<!-- Generated by org.testng.reporters.JUnitReportReporter -->
<testsuite hostname="Oliver-Brays-iMac.local" name="com.qmetric.tests.PageOneUITest" tests="10" failures="10" timestamp="27 Jul 2012 14:55:23 GMT" time="0.010" errors="0">
  <testcase name="testAddressSearch" time="0.005" classname="com.qmetric.tests.PageOneUITest">
    <failure type="org.testng.TestNGException" message="
Parameter &#039;browserVersion&#039; is required by @Configuration on method setUp
but has not been marked @Optional or defined in /Users/oliverbray/projects/olly-selenium/functional-tests/src/test/resources/local-profile.xml">
      <![CDATA[org.testng.TestNGException: 
Parameter 'browserVersion' is required by @Configuration on method setUp
but has not been marked @Optional or defined in /Users/oliverbray/projects/olly-selenium/functional-tests/src/test/resources/local-profile.xml
	at org.testng.internal.Parameters.createParameters(Parameters.java:144)
	at org.testng.internal.Parameters.createParameters(Parameters.java:342)
	at org.testng.internal.Parameters.createConfigurationParameters(Parameters.java:78)
	at org.testng.internal.Invoker.invokeConfigurations(Invoker.java:190)
	at org.testng.internal.Invoker.invokeConfigurations(Invoker.java:130)
	at org.testng.internal.TestMethodWorker.invokeBeforeClassMethods(TestMethodWorker.java:173)
	at org.testng.internal.TestMethodWorker.run(TestMethodWorker.java:105)
	at java.util.concurrent.ThreadPoolExecutor$Worker.runTask(ThreadPoolExecutor.java:886)
	at java.util.concurrent.ThreadPoolExecutor$Worker.run(ThreadPoolExecutor.java:908)
	at java.lang.Thread.run(Thread.java:680)
]]>
    </failure>
  </testcase>
  <testcase name="testPropertyTypeDropDowns" time="0.000" classname="com.qmetric.tests.PageOneUITest">
    <failure type="org.testng.TestNGException" message="
Parameter &#039;browserVersion&#039; is required by @Configuration on method setUp
but has not been marked @Optional or defined in /Users/oliverbray/projects/olly-selenium/functional-tests/src/test/resources/local-profile.xml">
      <![CDATA[org.testng.TestNGException: 
Parameter 'browserVersion' is required by @Configuration on method setUp
but has not been marked @Optional or defined in /Users/oliverbray/projects/olly-selenium/functional-tests/src/test/resources/local-profile.xml
	at org.testng.internal.Parameters.createParameters(Parameters.java:144)
	at org.testng.internal.Parameters.createParameters(Parameters.java:342)
	at org.testng.internal.Parameters.createConfigurationParameters(Parameters.java:78)
	at org.testng.internal.Invoker.invokeConfigurations(Invoker.java:190)
	at org.testng.internal.Invoker.invokeConfigurations(Invoker.java:130)
	at org.testng.internal.TestMethodWorker.invokeBeforeClassMethods(TestMethodWorker.java:173)
	at org.testng.internal.TestMethodWorker.run(TestMethodWorker.java:105)
	at java.util.concurrent.ThreadPoolExecutor$Worker.runTask(ThreadPoolExecutor.java:886)
	at java.util.concurrent.ThreadPoolExecutor$Worker.run(ThreadPoolExecutor.java:908)
	at java.lang.Thread.run(Thread.java:680)
]]>
    </failure>
  </testcase>
  <testcase name="testPageTitle" time="0.000" classname="com.qmetric.tests.PageOneUITest">
    <failure type="org.testng.TestNGException" message="
Parameter &#039;browserVersion&#039; is required by @Configuration on method setUp
but has not been marked @Optional or defined in /Users/oliverbray/projects/olly-selenium/functional-tests/src/test/resources/local-profile.xml">
      <![CDATA[org.testng.TestNGException: 
Parameter 'browserVersion' is required by @Configuration on method setUp
but has not been marked @Optional or defined in /Users/oliverbray/projects/olly-selenium/functional-tests/src/test/resources/local-profile.xml
	at org.testng.internal.Parameters.createParameters(Parameters.java:144)
	at org.testng.internal.Parameters.createParameters(Parameters.java:342)
	at org.testng.internal.Parameters.createConfigurationParameters(Parameters.java:78)
	at org.testng.internal.Invoker.invokeConfigurations(Invoker.java:190)
	at org.testng.internal.Invoker.invokeConfigurations(Invoker.java:130)
	at org.testng.internal.TestMethodWorker.invokeBeforeClassMethods(TestMethodWorker.java:173)
	at org.testng.internal.TestMethodWorker.run(TestMethodWorker.java:105)
	at java.util.concurrent.ThreadPoolExecutor$Worker.runTask(ThreadPoolExecutor.java:886)
	at java.util.concurrent.ThreadPoolExecutor$Worker.run(ThreadPoolExecutor.java:908)
	at java.lang.Thread.run(Thread.java:680)
]]>
    </failure>
  </testcase>
  <testcase name="testPageTitle" time="0.000" classname="com.qmetric.tests.PageOneUITest">
    <failure type="org.testng.TestNGException" message="
Parameter &#039;browserVersion&#039; is required by @Configuration on method setUp
but has not been marked @Optional or defined in /Users/oliverbray/projects/olly-selenium/functional-tests/src/test/resources/local-profile.xml">
      <![CDATA[org.testng.TestNGException: 
Parameter 'browserVersion' is required by @Configuration on method setUp
but has not been marked @Optional or defined in /Users/oliverbray/projects/olly-selenium/functional-tests/src/test/resources/local-profile.xml
	at org.testng.internal.Parameters.createParameters(Parameters.java:144)
	at org.testng.internal.Parameters.createParameters(Parameters.java:342)
	at org.testng.internal.Parameters.createConfigurationParameters(Parameters.java:78)
	at org.testng.internal.Invoker.invokeConfigurations(Invoker.java:190)
	at org.testng.internal.Invoker.invokeConfigurations(Invoker.java:130)
	at org.testng.internal.TestMethodWorker.invokeBeforeClassMethods(TestMethodWorker.java:173)
	at org.testng.internal.TestMethodWorker.run(TestMethodWorker.java:105)
	at java.util.concurrent.ThreadPoolExecutor$Worker.runTask(ThreadPoolExecutor.java:886)
	at java.util.concurrent.ThreadPoolExecutor$Worker.run(ThreadPoolExecutor.java:908)
	at java.lang.Thread.run(Thread.java:680)
]]>
    </failure>
  </testcase>
  <testcase name="testAddressSearch" time="0.005" classname="com.qmetric.tests.PageOneUITest">
    <failure type="org.testng.TestNGException" message="
Parameter &#039;browserVersion&#039; is required by @Configuration on method setUp
but has not been marked @Optional or defined in /Users/oliverbray/projects/olly-selenium/functional-tests/src/test/resources/local-profile.xml">
      <![CDATA[org.testng.TestNGException: 
Parameter 'browserVersion' is required by @Configuration on method setUp
but has not been marked @Optional or defined in /Users/oliverbray/projects/olly-selenium/functional-tests/src/test/resources/local-profile.xml
	at org.testng.internal.Parameters.createParameters(Parameters.java:144)
	at org.testng.internal.Parameters.createParameters(Parameters.java:342)
	at org.testng.internal.Parameters.createConfigurationParameters(Parameters.java:78)
	at org.testng.internal.Invoker.invokeConfigurations(Invoker.java:190)
	at org.testng.internal.Invoker.invokeConfigurations(Invoker.java:130)
	at org.testng.internal.TestMethodWorker.invokeBeforeClassMethods(TestMethodWorker.java:173)
	at org.testng.internal.TestMethodWorker.run(TestMethodWorker.java:105)
	at java.util.concurrent.ThreadPoolExecutor$Worker.runTask(ThreadPoolExecutor.java:886)
	at java.util.concurrent.ThreadPoolExecutor$Worker.run(ThreadPoolExecutor.java:908)
	at java.lang.Thread.run(Thread.java:680)
]]>
    </failure>
  </testcase>
  <testcase name="testAddressSearchValidationText" time="0.000" classname="com.qmetric.tests.PageOneUITest">
    <failure type="org.testng.TestNGException" message="
Parameter &#039;browserVersion&#039; is required by @Configuration on method setUp
but has not been marked @Optional or defined in /Users/oliverbray/projects/olly-selenium/functional-tests/src/test/resources/local-profile.xml">
      <![CDATA[org.testng.TestNGException: 
Parameter 'browserVersion' is required by @Configuration on method setUp
but has not been marked @Optional or defined in /Users/oliverbray/projects/olly-selenium/functional-tests/src/test/resources/local-profile.xml
	at org.testng.internal.Parameters.createParameters(Parameters.java:144)
	at org.testng.internal.Parameters.createParameters(Parameters.java:342)
	at org.testng.internal.Parameters.createConfigurationParameters(Parameters.java:78)
	at org.testng.internal.Invoker.invokeConfigurations(Invoker.java:190)
	at org.testng.internal.Invoker.invokeConfigurations(Invoker.java:130)
	at org.testng.internal.TestMethodWorker.invokeBeforeClassMethods(TestMethodWorker.java:173)
	at org.testng.internal.TestMethodWorker.run(TestMethodWorker.java:105)
	at java.util.concurrent.ThreadPoolExecutor$Worker.runTask(ThreadPoolExecutor.java:886)
	at java.util.concurrent.ThreadPoolExecutor$Worker.run(ThreadPoolExecutor.java:908)
	at java.lang.Thread.run(Thread.java:680)
]]>
    </failure>
  </testcase>
  <testcase name="testAddressManualEdit" time="0.000" classname="com.qmetric.tests.PageOneUITest">
    <failure type="org.testng.TestNGException" message="
Parameter &#039;browserVersion&#039; is required by @Configuration on method setUp
but has not been marked @Optional or defined in /Users/oliverbray/projects/olly-selenium/functional-tests/src/test/resources/local-profile.xml">
      <![CDATA[org.testng.TestNGException: 
Parameter 'browserVersion' is required by @Configuration on method setUp
but has not been marked @Optional or defined in /Users/oliverbray/projects/olly-selenium/functional-tests/src/test/resources/local-profile.xml
	at org.testng.internal.Parameters.createParameters(Parameters.java:144)
	at org.testng.internal.Parameters.createParameters(Parameters.java:342)
	at org.testng.internal.Parameters.createConfigurationParameters(Parameters.java:78)
	at org.testng.internal.Invoker.invokeConfigurations(Invoker.java:190)
	at org.testng.internal.Invoker.invokeConfigurations(Invoker.java:130)
	at org.testng.internal.TestMethodWorker.invokeBeforeClassMethods(TestMethodWorker.java:173)
	at org.testng.internal.TestMethodWorker.run(TestMethodWorker.java:105)
	at java.util.concurrent.ThreadPoolExecutor$Worker.runTask(ThreadPoolExecutor.java:886)
	at java.util.concurrent.ThreadPoolExecutor$Worker.run(ThreadPoolExecutor.java:908)
	at java.lang.Thread.run(Thread.java:680)
]]>
    </failure>
  </testcase>
  <testcase name="testPropertyTypeDropDowns" time="0.000" classname="com.qmetric.tests.PageOneUITest">
    <failure type="org.testng.TestNGException" message="
Parameter &#039;browserVersion&#039; is required by @Configuration on method setUp
but has not been marked @Optional or defined in /Users/oliverbray/projects/olly-selenium/functional-tests/src/test/resources/local-profile.xml">
      <![CDATA[org.testng.TestNGException: 
Parameter 'browserVersion' is required by @Configuration on method setUp
but has not been marked @Optional or defined in /Users/oliverbray/projects/olly-selenium/functional-tests/src/test/resources/local-profile.xml
	at org.testng.internal.Parameters.createParameters(Parameters.java:144)
	at org.testng.internal.Parameters.createParameters(Parameters.java:342)
	at org.testng.internal.Parameters.createConfigurationParameters(Parameters.java:78)
	at org.testng.internal.Invoker.invokeConfigurations(Invoker.java:190)
	at org.testng.internal.Invoker.invokeConfigurations(Invoker.java:130)
	at org.testng.internal.TestMethodWorker.invokeBeforeClassMethods(TestMethodWorker.java:173)
	at org.testng.internal.TestMethodWorker.run(TestMethodWorker.java:105)
	at java.util.concurrent.ThreadPoolExecutor$Worker.runTask(ThreadPoolExecutor.java:886)
	at java.util.concurrent.ThreadPoolExecutor$Worker.run(ThreadPoolExecutor.java:908)
	at java.lang.Thread.run(Thread.java:680)
]]>
    </failure>
  </testcase>
  <testcase name="testAddressSearchValidationText" time="0.000" classname="com.qmetric.tests.PageOneUITest">
    <failure type="org.testng.TestNGException" message="
Parameter &#039;browserVersion&#039; is required by @Configuration on method setUp
but has not been marked @Optional or defined in /Users/oliverbray/projects/olly-selenium/functional-tests/src/test/resources/local-profile.xml">
      <![CDATA[org.testng.TestNGException: 
Parameter 'browserVersion' is required by @Configuration on method setUp
but has not been marked @Optional or defined in /Users/oliverbray/projects/olly-selenium/functional-tests/src/test/resources/local-profile.xml
	at org.testng.internal.Parameters.createParameters(Parameters.java:144)
	at org.testng.internal.Parameters.createParameters(Parameters.java:342)
	at org.testng.internal.Parameters.createConfigurationParameters(Parameters.java:78)
	at org.testng.internal.Invoker.invokeConfigurations(Invoker.java:190)
	at org.testng.internal.Invoker.invokeConfigurations(Invoker.java:130)
	at org.testng.internal.TestMethodWorker.invokeBeforeClassMethods(TestMethodWorker.java:173)
	at org.testng.internal.TestMethodWorker.run(TestMethodWorker.java:105)
	at java.util.concurrent.ThreadPoolExecutor$Worker.runTask(ThreadPoolExecutor.java:886)
	at java.util.concurrent.ThreadPoolExecutor$Worker.run(ThreadPoolExecutor.java:908)
	at java.lang.Thread.run(Thread.java:680)
]]>
    </failure>
  </testcase>
  <testcase name="testAddressManualEdit" time="0.000" classname="com.qmetric.tests.PageOneUITest">
    <failure type="org.testng.TestNGException" message="
Parameter &#039;browserVersion&#039; is required by @Configuration on method setUp
but has not been marked @Optional or defined in /Users/oliverbray/projects/olly-selenium/functional-tests/src/test/resources/local-profile.xml">
      <![CDATA[org.testng.TestNGException: 
Parameter 'browserVersion' is required by @Configuration on method setUp
but has not been marked @Optional or defined in /Users/oliverbray/projects/olly-selenium/functional-tests/src/test/resources/local-profile.xml
	at org.testng.internal.Parameters.createParameters(Parameters.java:144)
	at org.testng.internal.Parameters.createParameters(Parameters.java:342)
	at org.testng.internal.Parameters.createConfigurationParameters(Parameters.java:78)
	at org.testng.internal.Invoker.invokeConfigurations(Invoker.java:190)
	at org.testng.internal.Invoker.invokeConfigurations(Invoker.java:130)
	at org.testng.internal.TestMethodWorker.invokeBeforeClassMethods(TestMethodWorker.java:173)
	at org.testng.internal.TestMethodWorker.run(TestMethodWorker.java:105)
	at java.util.concurrent.ThreadPoolExecutor$Worker.runTask(ThreadPoolExecutor.java:886)
	at java.util.concurrent.ThreadPoolExecutor$Worker.run(ThreadPoolExecutor.java:908)
	at java.lang.Thread.run(Thread.java:680)
]]>
    </failure>
  </testcase>
</testsuite>
