<!DOCTYPE html PUBLIC "-//W3C//DTD XHTML 1.1//EN http://www.w3.org/TR/xhtml11/DTD/xhtml11.dtd">
<html xmlns="http://www.w3.org/1999/xhtml">
<head>
<title>TestNG:  Unit Test</title>
<style type="text/css">
table caption,table.info_table,table.param,table.passed,table.failed {margin-bottom:10px;border:1px solid #000099;border-collapse:collapse;empty-cells:show;}
table.info_table td,table.info_table th,table.param td,table.param th,table.passed td,table.passed th,table.failed td,table.failed th {
border:1px solid #000099;padding:.25em .5em .25em .5em
}
table.param th {vertical-align:bottom}
td.numi,th.numi,td.numi_attn {
text-align:right
}
tr.total td {font-weight:bold}
table caption {
text-align:center;font-weight:bold;
}
table.passed tr.stripe td,table tr.passedodd td {background-color: #00AA00;}
table.passed td,table tr.passedeven td {background-color: #33FF33;}
table.passed tr.stripe td,table tr.skippedodd td {background-color: #cccccc;}
table.passed td,table tr.skippedodd td {background-color: #dddddd;}
table.failed tr.stripe td,table tr.failedodd td,table.param td.numi_attn {background-color: #FF3333;}
table.failed td,table tr.failedeven td,table.param tr.stripe td.numi_attn {background-color: #DD0000;}
tr.stripe td,tr.stripe th {background-color: #E6EBF9;}
p.totop {font-size:85%;text-align:center;border-bottom:2px black solid}
div.shootout {padding:2em;border:3px #4854A8 solid}
</style>
</head>
<body>
<table cellspacing=0 cellpadding=0 class="param">
<tr><th>Test</th><th class="numi">Methods<br/>Passed</th><th class="numi">Scenarios<br/>Passed</th><th class="numi"># skipped</th><th class="numi"># failed</th><th class="numi">Total<br/>Time</th><th class="numi">Included<br/>Groups</th><th class="numi">Excluded<br/>Groups</th></tr>
<tr><td style="text-align:left;padding-right:2em">GoogleChrome</td><td class="numi">0</td><td class="numi">0</td><td class="numi_attn">6</td><td class="numi">0</td><td class="numi">0.4 seconds</td><td class="numi"></td><td class="numi"></td></tr>
<tr class="stripe"><td style="text-align:left;padding-right:2em">Firefox</td><td class="numi">0</td><td class="numi">0</td><td class="numi_attn">6</td><td class="numi">0</td><td class="numi">0.4 seconds</td><td class="numi"></td><td class="numi"></td></tr>
<tr class="total"><td>Total</td>
<td class="numi">0</td><td class="numi">0</td><td class="numi_attn">12</td><td class="numi">0</td><td class="numi">0.4 seconds</td><td colspan="2">&nbsp;</td></tr>
</table>
<a id="summary"></a>
<table cellspacing=0 cellpadding=0 class="passed">
<tr><th>Class</th><th>Method</th><th># of<br/>Scenarios</th><th>Time<br/>(Msecs)</th></tr>
<tr><th colspan="4">GoogleChrome &#8212; failed (configuration methods)</th></tr>
<tr class="failedodd"><td rowspan="1">com.qmetric.tests.LandingPageTest<td><a href="#m1"><b>setUp</b>  </a></td><td class="numi">1</td><td class="numi">0</td></tr>
<tr class="failedeven"><td rowspan="1">com.qmetric.tests.PageOneUITest<td><a href="#m2"><b>setUp</b>  </a></td><td class="numi">1</td><td class="numi">0</td></tr>
<tr><th colspan="4">GoogleChrome &#8212; skipped (configuration methods)</th></tr>
<tr class="skippedodd"><td rowspan="2">com.qmetric.tests.PageOneUITest<td><a href="#m3"><b>getToPage1</b>  </a></td><td class="numi">5</td><td class="numi">8</td></tr><tr class="skippedodd"><td><a href="#m4"><b>getToPage1</b>  </a></td><td class="numi">5</td><td class="numi">8</td></tr>
<tr class="skippedeven"><td rowspan="1">com.qmetric.tests.LandingPageTest<td><a href="#m5"><b>getToLandingPage</b>  </a></td><td class="numi">1</td><td class="numi">0</td></tr>
<tr class="skippedodd"><td rowspan="4">com.qmetric.tests.PageOneUITest<td><a href="#m6"><b>getToPage1</b>  </a></td><td class="numi">5</td><td class="numi">8</td></tr><tr class="skippedodd"><td><a href="#m7"><b>getToPage1</b>  </a></td><td class="numi">5</td><td class="numi">8</td></tr><tr class="skippedodd"><td><a href="#m8"><b>tearDown</b>  </a></td><td class="numi">1</td><td class="numi">0</td></tr><tr class="skippedodd"><td><a href="#m9"><b>getToPage1</b>  </a></td><td class="numi">5</td><td class="numi">8</td></tr>
<tr class="skippedeven"><td rowspan="1">com.qmetric.tests.LandingPageTest<td><a href="#m10"><b>tearDown</b>  </a></td><td class="numi">1</td><td class="numi">0</td></tr>
<tr><th colspan="4">GoogleChrome &#8212; skipped</th></tr>
<tr class="skippedodd"><td rowspan="1">com.qmetric.tests.PageOneUITest<td><a href="#m11"><b>testPageTitle</b>  </a></td><td class="numi">1</td><td class="numi">1</td></tr>
<tr class="skippedeven"><td rowspan="1">com.qmetric.tests.LandingPageTest<td><a href="#m12"><b>testPageTitle</b>  </a></td><td class="numi">1</td><td class="numi">0</td></tr>
<tr class="skippedodd"><td rowspan="4">com.qmetric.tests.PageOneUITest<td><a href="#m13"><b>testAddressSearchValidationText</b>  </a></td><td class="numi">1</td><td class="numi">0</td></tr><tr class="skippedodd"><td><a href="#m14"><b>testAddressSearch</b>  </a></td><td class="numi">1</td><td class="numi">1</td></tr><tr class="skippedodd"><td><a href="#m15"><b>testAddressManualEdit</b>  </a></td><td class="numi">1</td><td class="numi">0</td></tr><tr class="skippedodd"><td><a href="#m16"><b>testPropertyTypeDropDowns</b>  </a></td><td class="numi">1</td><td class="numi">0</td></tr>
<tr><th colspan="4">Firefox &#8212; failed (configuration methods)</th></tr>
<tr class="failedodd"><td rowspan="1">com.qmetric.tests.PageOneUITest<td><a href="#m17"><b>setUp</b>  </a></td><td class="numi">1</td><td class="numi">0</td></tr>
<tr class="failedeven"><td rowspan="1">com.qmetric.tests.LandingPageTest<td><a href="#m18"><b>setUp</b>  </a></td><td class="numi">1</td><td class="numi">0</td></tr>
<tr><th colspan="4">Firefox &#8212; skipped (configuration methods)</th></tr>
<tr class="skippedodd"><td rowspan="1">com.qmetric.tests.LandingPageTest<td><a href="#m19"><b>getToLandingPage</b>  </a></td><td class="numi">1</td><td class="numi">0</td></tr>
<tr class="skippedeven"><td rowspan="3">com.qmetric.tests.PageOneUITest<td><a href="#m20"><b>getToPage1</b>  </a></td><td class="numi">5</td><td class="numi">13</td></tr><tr class="skippedeven"><td><a href="#m21"><b>getToPage1</b>  </a></td><td class="numi">5</td><td class="numi">13</td></tr><tr class="skippedeven"><td><a href="#m22"><b>tearDown</b>  </a></td><td class="numi">1</td><td class="numi">0</td></tr>
<tr class="skippedodd"><td rowspan="1">com.qmetric.tests.LandingPageTest<td><a href="#m23"><b>tearDown</b>  </a></td><td class="numi">1</td><td class="numi">0</td></tr>
<tr class="skippedeven"><td rowspan="3">com.qmetric.tests.PageOneUITest<td><a href="#m24"><b>getToPage1</b>  </a></td><td class="numi">5</td><td class="numi">13</td></tr><tr class="skippedeven"><td><a href="#m25"><b>getToPage1</b>  </a></td><td class="numi">5</td><td class="numi">13</td></tr><tr class="skippedeven"><td><a href="#m26"><b>getToPage1</b>  </a></td><td class="numi">5</td><td class="numi">13</td></tr>
<tr><th colspan="4">Firefox &#8212; skipped</th></tr>
<tr class="skippedodd"><td rowspan="2">com.qmetric.tests.PageOneUITest<td><a href="#m27"><b>testAddressManualEdit</b>  </a></td><td class="numi">1</td><td class="numi">0</td></tr><tr class="skippedodd"><td><a href="#m28"><b>testPropertyTypeDropDowns</b>  </a></td><td class="numi">1</td><td class="numi">1</td></tr>
<tr class="skippedeven"><td rowspan="1">com.qmetric.tests.LandingPageTest<td><a href="#m29"><b>testPageTitle</b>  </a></td><td class="numi">1</td><td class="numi">1</td></tr>
<tr class="skippedodd"><td rowspan="3">com.qmetric.tests.PageOneUITest<td><a href="#m30"><b>testAddressSearchValidationText</b>  </a></td><td class="numi">1</td><td class="numi">0</td></tr><tr class="skippedodd"><td><a href="#m31"><b>testAddressSearch</b>  </a></td><td class="numi">1</td><td class="numi">1</td></tr><tr class="skippedodd"><td><a href="#m32"><b>testPageTitle</b>  </a></td><td class="numi">1</td><td class="numi">0</td></tr>
</table>
<h1>GoogleChrome</h1>
<a id="m1"></a><h2>com.qmetric.tests.LandingPageTest:setUp</h2>
<table cellspacing=0 cellpadding=0 class="param">
<tr><th style="padding-left:1em;padding-right:1em">Parameter #1</th><th style="padding-left:1em;padding-right:1em">Parameter #2</th><th style="padding-left:1em;padding-right:1em">Parameter #3</th><th style="padding-left:1em;padding-right:1em">Parameter #4</th><th style="padding-left:1em;padding-right:1em">Parameter #5</th><th style="padding-left:1em;padding-right:1em">Parameter #6</th></tr>
<tr><td style="padding-left:.5em;padding-right:2em">localhost</td>
<td style="padding-left:.5em;padding-right:2em">4444</td>
<td style="padding-left:.5em;padding-right:2em">chrome</td>
<td style="padding-left:.5em;padding-right:2em">http://localhost</td>
<td style="padding-left:.5em;padding-right:2em">https://localhost</td>
<td style="padding-left:.5em;padding-right:2em">any</td>
</tr>
<tr><td style="padding-left:3em" colspan="6">
<p>java.net.SocketException: Host is down
Build info: version: &apos;2.24.1&apos;, revision: &apos;17205&apos;, time: &apos;2012-06-19 15:28:49&apos;
System info: os.name: &apos;Mac OS X&apos;, os.arch: &apos;x86_64&apos;, os.version: &apos;10.6.8&apos;, java.version: &apos;1.6.0_33&apos;
Driver info: driver.version: RemoteWebDriver</p>
org.openqa.selenium.remote.RemoteWebDriver.execute(RemoteWebDriver.java:406)
<br/>at org.openqa.selenium.remote.RemoteWebDriver.startSession(RemoteWebDriver.java:108)
<br/>at org.openqa.selenium.remote.RemoteWebDriver.&lt;init&gt;(RemoteWebDriver.java:86)
<br/>at org.openqa.selenium.remote.RemoteWebDriver.&lt;init&gt;(RemoteWebDriver.java:94)
<br/>at com.qmetric.utility.AbstractTest.setUp(AbstractTest.java:40)
<br/>at sun.reflect.NativeMethodAccessorImpl.invoke0(Native Method)
<br/>at sun.reflect.NativeMethodAccessorImpl.invoke(NativeMethodAccessorImpl.java:39)
<br/>at sun.reflect.DelegatingMethodAccessorImpl.invoke(DelegatingMethodAccessorImpl.java:25)
<br/>at java.lang.reflect.Method.invoke(Method.java:597)
<br/>at org.testng.internal.MethodInvocationHelper.invokeMethod(MethodInvocationHelper.java:76)
<br/>at org.testng.internal.Invoker.invokeConfigurationMethod(Invoker.java:525)
<br/>at org.testng.internal.Invoker.invokeConfigurations(Invoker.java:202)
<br/>at org.testng.internal.Invoker.invokeConfigurations(Invoker.java:130)
<br/>at org.testng.internal.TestMethodWorker.invokeBeforeClassMethods(TestMethodWorker.java:173)
<br/>at org.testng.internal.TestMethodWorker.run(TestMethodWorker.java:105)
<br/>at java.util.concurrent.ThreadPoolExecutor$Worker.runTask(ThreadPoolExecutor.java:886)
<br/>at java.util.concurrent.ThreadPoolExecutor$Worker.run(ThreadPoolExecutor.java:908)
<br/>at java.lang.Thread.run(Thread.java:680)
<br/>1 lines not shown
<p>Caused by Host is down</p>
java.net.PlainSocketImpl.socketConnect(Native Method)
<br/>at java.net.PlainSocketImpl.doConnect(PlainSocketImpl.java:351)
<br/>at java.net.PlainSocketImpl.connectToAddress(PlainSocketImpl.java:213)
<br/>at java.net.PlainSocketImpl.connect(PlainSocketImpl.java:200)
<br/>at java.net.SocksSocketImpl.connect(SocksSocketImpl.java:432)
<br/>at java.net.Socket.connect(Socket.java:529)
<br/>at org.openqa.selenium.remote.ReusingSocketSocketFactory.connectSocket(ReusingSocketSocketFactory.java:122)
<br/>at org.apache.http.conn.scheme.SchemeSocketFactoryAdaptor.connectSocket(SchemeSocketFactoryAdaptor.java:62)
<br/>at org.apache.http.impl.conn.DefaultClientConnectionOperator.openConnection(DefaultClientConnectionOperator.java:148)
<br/>at org.apache.http.impl.conn.AbstractPoolEntry.open(AbstractPoolEntry.java:149)
<br/>at org.apache.http.impl.conn.AbstractPooledConnAdapter.open(AbstractPooledConnAdapter.java:121)
<br/>at org.apache.http.impl.client.DefaultRequestDirector.tryConnect(DefaultRequestDirector.java:573)
<br/>at org.apache.http.impl.client.DefaultRequestDirector.execute(DefaultRequestDirector.java:425)
<br/>at org.apache.http.impl.client.AbstractHttpClient.execute(AbstractHttpClient.java:820)
<br/>at org.openqa.selenium.remote.HttpCommandExecutor.fallBackExecute(HttpCommandExecutor.java:284)
<br/>at org.openqa.selenium.remote.HttpCommandExecutor.execute(HttpCommandExecutor.java:264)
<br/>at org.openqa.selenium.remote.RemoteWebDriver.execute(RemoteWebDriver.java:389)
<br/>at org.openqa.selenium.remote.RemoteWebDriver.startSession(RemoteWebDriver.java:108)
<br/>at org.openqa.selenium.remote.RemoteWebDriver.&lt;init&gt;(RemoteWebDriver.java:86)
<br/>at org.openqa.selenium.remote.RemoteWebDriver.&lt;init&gt;(RemoteWebDriver.java:94)
<br/>at com.qmetric.utility.AbstractTest.setUp(AbstractTest.java:40)
<br/>at sun.reflect.NativeMethodAccessorImpl.invoke0(Native Method)
<br/>at sun.reflect.NativeMethodAccessorImpl.invoke(NativeMethodAccessorImpl.java:39)
<br/>at sun.reflect.DelegatingMethodAccessorImpl.invoke(DelegatingMethodAccessorImpl.java:25)
<br/>at java.lang.reflect.Method.invoke(Method.java:597)
<br/>at org.testng.internal.MethodInvocationHelper.invokeMethod(MethodInvocationHelper.java:76)
<br/>at org.testng.internal.Invoker.invokeConfigurationMethod(Invoker.java:525)
<br/>at org.testng.internal.Invoker.invokeConfigurations(Invoker.java:202)
<br/>at org.testng.internal.Invoker.invokeConfigurations(Invoker.java:130)
<br/>at org.testng.internal.TestMethodWorker.invokeBeforeClassMethods(TestMethodWorker.java:173)
<br/>at org.testng.internal.TestMethodWorker.run(TestMethodWorker.java:105)
<br/>at java.util.concurrent.ThreadPoolExecutor$Worker.runTask(ThreadPoolExecutor.java:886)
<br/>at java.util.concurrent.ThreadPoolExecutor$Worker.run(ThreadPoolExecutor.java:908)
<br/>at java.lang.Thread.run(Thread.java:680)
<br/>1 lines not shown
</td></tr>
</table>
<p class="totop"><a href="#summary">back to summary</a></p>
<a id="m2"></a><h2>com.qmetric.tests.PageOneUITest:setUp</h2>
<table cellspacing=0 cellpadding=0 class="param">
<tr><th style="padding-left:1em;padding-right:1em">Parameter #1</th><th style="padding-left:1em;padding-right:1em">Parameter #2</th><th style="padding-left:1em;padding-right:1em">Parameter #3</th><th style="padding-left:1em;padding-right:1em">Parameter #4</th><th style="padding-left:1em;padding-right:1em">Parameter #5</th><th style="padding-left:1em;padding-right:1em">Parameter #6</th></tr>
<tr><td style="padding-left:.5em;padding-right:2em">localhost</td>
<td style="padding-left:.5em;padding-right:2em">4444</td>
<td style="padding-left:.5em;padding-right:2em">chrome</td>
<td style="padding-left:.5em;padding-right:2em">http://localhost</td>
<td style="padding-left:.5em;padding-right:2em">https://localhost</td>
<td style="padding-left:.5em;padding-right:2em">any</td>
</tr>
<tr><td style="padding-left:3em" colspan="6">
<p>java.net.SocketException: Host is down
Build info: version: &apos;2.24.1&apos;, revision: &apos;17205&apos;, time: &apos;2012-06-19 15:28:49&apos;
System info: os.name: &apos;Mac OS X&apos;, os.arch: &apos;x86_64&apos;, os.version: &apos;10.6.8&apos;, java.version: &apos;1.6.0_33&apos;
Driver info: driver.version: RemoteWebDriver</p>
org.openqa.selenium.remote.RemoteWebDriver.execute(RemoteWebDriver.java:406)
<br/>at org.openqa.selenium.remote.RemoteWebDriver.startSession(RemoteWebDriver.java:108)
<br/>at org.openqa.selenium.remote.RemoteWebDriver.&lt;init&gt;(RemoteWebDriver.java:86)
<br/>at org.openqa.selenium.remote.RemoteWebDriver.&lt;init&gt;(RemoteWebDriver.java:94)
<br/>at com.qmetric.utility.AbstractTest.setUp(AbstractTest.java:40)
<br/>at sun.reflect.NativeMethodAccessorImpl.invoke0(Native Method)
<br/>at sun.reflect.NativeMethodAccessorImpl.invoke(NativeMethodAccessorImpl.java:39)
<br/>at sun.reflect.DelegatingMethodAccessorImpl.invoke(DelegatingMethodAccessorImpl.java:25)
<br/>at java.lang.reflect.Method.invoke(Method.java:597)
<br/>at org.testng.internal.MethodInvocationHelper.invokeMethod(MethodInvocationHelper.java:76)
<br/>at org.testng.internal.Invoker.invokeConfigurationMethod(Invoker.java:525)
<br/>at org.testng.internal.Invoker.invokeConfigurations(Invoker.java:202)
<br/>at org.testng.internal.Invoker.invokeConfigurations(Invoker.java:130)
<br/>at org.testng.internal.TestMethodWorker.invokeBeforeClassMethods(TestMethodWorker.java:173)
<br/>at org.testng.internal.TestMethodWorker.run(TestMethodWorker.java:105)
<br/>at java.util.concurrent.ThreadPoolExecutor$Worker.runTask(ThreadPoolExecutor.java:886)
<br/>at java.util.concurrent.ThreadPoolExecutor$Worker.run(ThreadPoolExecutor.java:908)
<br/>at java.lang.Thread.run(Thread.java:680)
<br/>1 lines not shown
<p>Caused by Host is down</p>
java.net.PlainSocketImpl.socketConnect(Native Method)
<br/>at java.net.PlainSocketImpl.doConnect(PlainSocketImpl.java:351)
<br/>at java.net.PlainSocketImpl.connectToAddress(PlainSocketImpl.java:213)
<br/>at java.net.PlainSocketImpl.connect(PlainSocketImpl.java:200)
<br/>at java.net.SocksSocketImpl.connect(SocksSocketImpl.java:432)
<br/>at java.net.Socket.connect(Socket.java:529)
<br/>at org.openqa.selenium.remote.ReusingSocketSocketFactory.connectSocket(ReusingSocketSocketFactory.java:122)
<br/>at org.apache.http.conn.scheme.SchemeSocketFactoryAdaptor.connectSocket(SchemeSocketFactoryAdaptor.java:62)
<br/>at org.apache.http.impl.conn.DefaultClientConnectionOperator.openConnection(DefaultClientConnectionOperator.java:148)
<br/>at org.apache.http.impl.conn.AbstractPoolEntry.open(AbstractPoolEntry.java:149)
<br/>at org.apache.http.impl.conn.AbstractPooledConnAdapter.open(AbstractPooledConnAdapter.java:121)
<br/>at org.apache.http.impl.client.DefaultRequestDirector.tryConnect(DefaultRequestDirector.java:573)
<br/>at org.apache.http.impl.client.DefaultRequestDirector.execute(DefaultRequestDirector.java:425)
<br/>at org.apache.http.impl.client.AbstractHttpClient.execute(AbstractHttpClient.java:820)
<br/>at org.openqa.selenium.remote.HttpCommandExecutor.fallBackExecute(HttpCommandExecutor.java:284)
<br/>at org.openqa.selenium.remote.HttpCommandExecutor.execute(HttpCommandExecutor.java:264)
<br/>at org.openqa.selenium.remote.RemoteWebDriver.execute(RemoteWebDriver.java:389)
<br/>at org.openqa.selenium.remote.RemoteWebDriver.startSession(RemoteWebDriver.java:108)
<br/>at org.openqa.selenium.remote.RemoteWebDriver.&lt;init&gt;(RemoteWebDriver.java:86)
<br/>at org.openqa.selenium.remote.RemoteWebDriver.&lt;init&gt;(RemoteWebDriver.java:94)
<br/>at com.qmetric.utility.AbstractTest.setUp(AbstractTest.java:40)
<br/>at sun.reflect.NativeMethodAccessorImpl.invoke0(Native Method)
<br/>at sun.reflect.NativeMethodAccessorImpl.invoke(NativeMethodAccessorImpl.java:39)
<br/>at sun.reflect.DelegatingMethodAccessorImpl.invoke(DelegatingMethodAccessorImpl.java:25)
<br/>at java.lang.reflect.Method.invoke(Method.java:597)
<br/>at org.testng.internal.MethodInvocationHelper.invokeMethod(MethodInvocationHelper.java:76)
<br/>at org.testng.internal.Invoker.invokeConfigurationMethod(Invoker.java:525)
<br/>at org.testng.internal.Invoker.invokeConfigurations(Invoker.java:202)
<br/>at org.testng.internal.Invoker.invokeConfigurations(Invoker.java:130)
<br/>at org.testng.internal.TestMethodWorker.invokeBeforeClassMethods(TestMethodWorker.java:173)
<br/>at org.testng.internal.TestMethodWorker.run(TestMethodWorker.java:105)
<br/>at java.util.concurrent.ThreadPoolExecutor$Worker.runTask(ThreadPoolExecutor.java:886)
<br/>at java.util.concurrent.ThreadPoolExecutor$Worker.run(ThreadPoolExecutor.java:908)
<br/>at java.lang.Thread.run(Thread.java:680)
<br/>1 lines not shown
</td></tr>
</table>
<p class="totop"><a href="#summary">back to summary</a></p>
<a id="m3"></a><h2>com.qmetric.tests.PageOneUITest:getToPage1</h2>
<p class="totop"><a href="#summary">back to summary</a></p>
<a id="m4"></a><h2>com.qmetric.tests.PageOneUITest:getToPage1</h2>
<p class="totop"><a href="#summary">back to summary</a></p>
<a id="m5"></a><h2>com.qmetric.tests.LandingPageTest:getToLandingPage</h2>
<p class="totop"><a href="#summary">back to summary</a></p>
<a id="m6"></a><h2>com.qmetric.tests.PageOneUITest:getToPage1</h2>
<p class="totop"><a href="#summary">back to summary</a></p>
<a id="m7"></a><h2>com.qmetric.tests.PageOneUITest:getToPage1</h2>
<p class="totop"><a href="#summary">back to summary</a></p>
<a id="m8"></a><h2>com.qmetric.tests.PageOneUITest:tearDown</h2>
<p class="totop"><a href="#summary">back to summary</a></p>
<a id="m9"></a><h2>com.qmetric.tests.PageOneUITest:getToPage1</h2>
<p class="totop"><a href="#summary">back to summary</a></p>
<a id="m10"></a><h2>com.qmetric.tests.LandingPageTest:tearDown</h2>
<p class="totop"><a href="#summary">back to summary</a></p>
<a id="m11"></a><h2>com.qmetric.tests.PageOneUITest:testPageTitle</h2>
<p class="totop"><a href="#summary">back to summary</a></p>
<a id="m12"></a><h2>com.qmetric.tests.LandingPageTest:testPageTitle</h2>
<p class="totop"><a href="#summary">back to summary</a></p>
<a id="m13"></a><h2>com.qmetric.tests.PageOneUITest:testAddressSearchValidationText</h2>
<p class="totop"><a href="#summary">back to summary</a></p>
<a id="m14"></a><h2>com.qmetric.tests.PageOneUITest:testAddressSearch</h2>
<p class="totop"><a href="#summary">back to summary</a></p>
<a id="m15"></a><h2>com.qmetric.tests.PageOneUITest:testAddressManualEdit</h2>
<p class="totop"><a href="#summary">back to summary</a></p>
<a id="m16"></a><h2>com.qmetric.tests.PageOneUITest:testPropertyTypeDropDowns</h2>
<p class="totop"><a href="#summary">back to summary</a></p>
<h1>Firefox</h1>
<a id="m17"></a><h2>com.qmetric.tests.PageOneUITest:setUp</h2>
<table cellspacing=0 cellpadding=0 class="param">
<tr><th style="padding-left:1em;padding-right:1em">Parameter #1</th><th style="padding-left:1em;padding-right:1em">Parameter #2</th><th style="padding-left:1em;padding-right:1em">Parameter #3</th><th style="padding-left:1em;padding-right:1em">Parameter #4</th><th style="padding-left:1em;padding-right:1em">Parameter #5</th><th style="padding-left:1em;padding-right:1em">Parameter #6</th></tr>
<tr><td style="padding-left:.5em;padding-right:2em">localhost</td>
<td style="padding-left:.5em;padding-right:2em">4444</td>
<td style="padding-left:.5em;padding-right:2em">firefox</td>
<td style="padding-left:.5em;padding-right:2em">http://localhost</td>
<td style="padding-left:.5em;padding-right:2em">https://localhost</td>
<td style="padding-left:.5em;padding-right:2em">any</td>
</tr>
<tr><td style="padding-left:3em" colspan="6">
<p>java.net.SocketException: Host is down
Build info: version: &apos;2.24.1&apos;, revision: &apos;17205&apos;, time: &apos;2012-06-19 15:28:49&apos;
System info: os.name: &apos;Mac OS X&apos;, os.arch: &apos;x86_64&apos;, os.version: &apos;10.6.8&apos;, java.version: &apos;1.6.0_33&apos;
Driver info: driver.version: RemoteWebDriver</p>
org.openqa.selenium.remote.RemoteWebDriver.execute(RemoteWebDriver.java:406)
<br/>at org.openqa.selenium.remote.RemoteWebDriver.startSession(RemoteWebDriver.java:108)
<br/>at org.openqa.selenium.remote.RemoteWebDriver.&lt;init&gt;(RemoteWebDriver.java:86)
<br/>at org.openqa.selenium.remote.RemoteWebDriver.&lt;init&gt;(RemoteWebDriver.java:94)
<br/>at com.qmetric.utility.AbstractTest.setUp(AbstractTest.java:40)
<br/>at sun.reflect.NativeMethodAccessorImpl.invoke0(Native Method)
<br/>at sun.reflect.NativeMethodAccessorImpl.invoke(NativeMethodAccessorImpl.java:39)
<br/>at sun.reflect.DelegatingMethodAccessorImpl.invoke(DelegatingMethodAccessorImpl.java:25)
<br/>at java.lang.reflect.Method.invoke(Method.java:597)
<br/>at org.testng.internal.MethodInvocationHelper.invokeMethod(MethodInvocationHelper.java:76)
<br/>at org.testng.internal.Invoker.invokeConfigurationMethod(Invoker.java:525)
<br/>at org.testng.internal.Invoker.invokeConfigurations(Invoker.java:202)
<br/>at org.testng.internal.Invoker.invokeConfigurations(Invoker.java:130)
<br/>at org.testng.internal.TestMethodWorker.invokeBeforeClassMethods(TestMethodWorker.java:173)
<br/>at org.testng.internal.TestMethodWorker.run(TestMethodWorker.java:105)
<br/>at java.util.concurrent.ThreadPoolExecutor$Worker.runTask(ThreadPoolExecutor.java:886)
<br/>at java.util.concurrent.ThreadPoolExecutor$Worker.run(ThreadPoolExecutor.java:908)
<br/>at java.lang.Thread.run(Thread.java:680)
<br/>1 lines not shown
<p>Caused by Host is down</p>
java.net.PlainSocketImpl.socketConnect(Native Method)
<br/>at java.net.PlainSocketImpl.doConnect(PlainSocketImpl.java:351)
<br/>at java.net.PlainSocketImpl.connectToAddress(PlainSocketImpl.java:213)
<br/>at java.net.PlainSocketImpl.connect(PlainSocketImpl.java:200)
<br/>at java.net.SocksSocketImpl.connect(SocksSocketImpl.java:432)
<br/>at java.net.Socket.connect(Socket.java:529)
<br/>at org.openqa.selenium.remote.ReusingSocketSocketFactory.connectSocket(ReusingSocketSocketFactory.java:122)
<br/>at org.apache.http.conn.scheme.SchemeSocketFactoryAdaptor.connectSocket(SchemeSocketFactoryAdaptor.java:62)
<br/>at org.apache.http.impl.conn.DefaultClientConnectionOperator.openConnection(DefaultClientConnectionOperator.java:148)
<br/>at org.apache.http.impl.conn.AbstractPoolEntry.open(AbstractPoolEntry.java:149)
<br/>at org.apache.http.impl.conn.AbstractPooledConnAdapter.open(AbstractPooledConnAdapter.java:121)
<br/>at org.apache.http.impl.client.DefaultRequestDirector.tryConnect(DefaultRequestDirector.java:573)
<br/>at org.apache.http.impl.client.DefaultRequestDirector.execute(DefaultRequestDirector.java:425)
<br/>at org.apache.http.impl.client.AbstractHttpClient.execute(AbstractHttpClient.java:820)
<br/>at org.openqa.selenium.remote.HttpCommandExecutor.fallBackExecute(HttpCommandExecutor.java:284)
<br/>at org.openqa.selenium.remote.HttpCommandExecutor.execute(HttpCommandExecutor.java:264)
<br/>at org.openqa.selenium.remote.RemoteWebDriver.execute(RemoteWebDriver.java:389)
<br/>at org.openqa.selenium.remote.RemoteWebDriver.startSession(RemoteWebDriver.java:108)
<br/>at org.openqa.selenium.remote.RemoteWebDriver.&lt;init&gt;(RemoteWebDriver.java:86)
<br/>at org.openqa.selenium.remote.RemoteWebDriver.&lt;init&gt;(RemoteWebDriver.java:94)
<br/>at com.qmetric.utility.AbstractTest.setUp(AbstractTest.java:40)
<br/>at sun.reflect.NativeMethodAccessorImpl.invoke0(Native Method)
<br/>at sun.reflect.NativeMethodAccessorImpl.invoke(NativeMethodAccessorImpl.java:39)
<br/>at sun.reflect.DelegatingMethodAccessorImpl.invoke(DelegatingMethodAccessorImpl.java:25)
<br/>at java.lang.reflect.Method.invoke(Method.java:597)
<br/>at org.testng.internal.MethodInvocationHelper.invokeMethod(MethodInvocationHelper.java:76)
<br/>at org.testng.internal.Invoker.invokeConfigurationMethod(Invoker.java:525)
<br/>at org.testng.internal.Invoker.invokeConfigurations(Invoker.java:202)
<br/>at org.testng.internal.Invoker.invokeConfigurations(Invoker.java:130)
<br/>at org.testng.internal.TestMethodWorker.invokeBeforeClassMethods(TestMethodWorker.java:173)
<br/>at org.testng.internal.TestMethodWorker.run(TestMethodWorker.java:105)
<br/>at java.util.concurrent.ThreadPoolExecutor$Worker.runTask(ThreadPoolExecutor.java:886)
<br/>at java.util.concurrent.ThreadPoolExecutor$Worker.run(ThreadPoolExecutor.java:908)
<br/>at java.lang.Thread.run(Thread.java:680)
<br/>1 lines not shown
</td></tr>
</table>
<p class="totop"><a href="#summary">back to summary</a></p>
<a id="m18"></a><h2>com.qmetric.tests.LandingPageTest:setUp</h2>
<table cellspacing=0 cellpadding=0 class="param">
<tr><th style="padding-left:1em;padding-right:1em">Parameter #1</th><th style="padding-left:1em;padding-right:1em">Parameter #2</th><th style="padding-left:1em;padding-right:1em">Parameter #3</th><th style="padding-left:1em;padding-right:1em">Parameter #4</th><th style="padding-left:1em;padding-right:1em">Parameter #5</th><th style="padding-left:1em;padding-right:1em">Parameter #6</th></tr>
<tr><td style="padding-left:.5em;padding-right:2em">localhost</td>
<td style="padding-left:.5em;padding-right:2em">4444</td>
<td style="padding-left:.5em;padding-right:2em">firefox</td>
<td style="padding-left:.5em;padding-right:2em">http://localhost</td>
<td style="padding-left:.5em;padding-right:2em">https://localhost</td>
<td style="padding-left:.5em;padding-right:2em">any</td>
</tr>
<tr><td style="padding-left:3em" colspan="6">
<p>java.net.SocketException: Host is down
Build info: version: &apos;2.24.1&apos;, revision: &apos;17205&apos;, time: &apos;2012-06-19 15:28:49&apos;
System info: os.name: &apos;Mac OS X&apos;, os.arch: &apos;x86_64&apos;, os.version: &apos;10.6.8&apos;, java.version: &apos;1.6.0_33&apos;
Driver info: driver.version: RemoteWebDriver</p>
org.openqa.selenium.remote.RemoteWebDriver.execute(RemoteWebDriver.java:406)
<br/>at org.openqa.selenium.remote.RemoteWebDriver.startSession(RemoteWebDriver.java:108)
<br/>at org.openqa.selenium.remote.RemoteWebDriver.&lt;init&gt;(RemoteWebDriver.java:86)
<br/>at org.openqa.selenium.remote.RemoteWebDriver.&lt;init&gt;(RemoteWebDriver.java:94)
<br/>at com.qmetric.utility.AbstractTest.setUp(AbstractTest.java:40)
<br/>at sun.reflect.NativeMethodAccessorImpl.invoke0(Native Method)
<br/>at sun.reflect.NativeMethodAccessorImpl.invoke(NativeMethodAccessorImpl.java:39)
<br/>at sun.reflect.DelegatingMethodAccessorImpl.invoke(DelegatingMethodAccessorImpl.java:25)
<br/>at java.lang.reflect.Method.invoke(Method.java:597)
<br/>at org.testng.internal.MethodInvocationHelper.invokeMethod(MethodInvocationHelper.java:76)
<br/>at org.testng.internal.Invoker.invokeConfigurationMethod(Invoker.java:525)
<br/>at org.testng.internal.Invoker.invokeConfigurations(Invoker.java:202)
<br/>at org.testng.internal.Invoker.invokeConfigurations(Invoker.java:130)
<br/>at org.testng.internal.TestMethodWorker.invokeBeforeClassMethods(TestMethodWorker.java:173)
<br/>at org.testng.internal.TestMethodWorker.run(TestMethodWorker.java:105)
<br/>at java.util.concurrent.ThreadPoolExecutor$Worker.runTask(ThreadPoolExecutor.java:886)
<br/>at java.util.concurrent.ThreadPoolExecutor$Worker.run(ThreadPoolExecutor.java:908)
<br/>at java.lang.Thread.run(Thread.java:680)
<br/>1 lines not shown
<p>Caused by Host is down</p>
java.net.PlainSocketImpl.socketConnect(Native Method)
<br/>at java.net.PlainSocketImpl.doConnect(PlainSocketImpl.java:351)
<br/>at java.net.PlainSocketImpl.connectToAddress(PlainSocketImpl.java:213)
<br/>at java.net.PlainSocketImpl.connect(PlainSocketImpl.java:200)
<br/>at java.net.SocksSocketImpl.connect(SocksSocketImpl.java:432)
<br/>at java.net.Socket.connect(Socket.java:529)
<br/>at org.openqa.selenium.remote.ReusingSocketSocketFactory.connectSocket(ReusingSocketSocketFactory.java:122)
<br/>at org.apache.http.conn.scheme.SchemeSocketFactoryAdaptor.connectSocket(SchemeSocketFactoryAdaptor.java:62)
<br/>at org.apache.http.impl.conn.DefaultClientConnectionOperator.openConnection(DefaultClientConnectionOperator.java:148)
<br/>at org.apache.http.impl.conn.AbstractPoolEntry.open(AbstractPoolEntry.java:149)
<br/>at org.apache.http.impl.conn.AbstractPooledConnAdapter.open(AbstractPooledConnAdapter.java:121)
<br/>at org.apache.http.impl.client.DefaultRequestDirector.tryConnect(DefaultRequestDirector.java:573)
<br/>at org.apache.http.impl.client.DefaultRequestDirector.execute(DefaultRequestDirector.java:425)
<br/>at org.apache.http.impl.client.AbstractHttpClient.execute(AbstractHttpClient.java:820)
<br/>at org.openqa.selenium.remote.HttpCommandExecutor.fallBackExecute(HttpCommandExecutor.java:284)
<br/>at org.openqa.selenium.remote.HttpCommandExecutor.execute(HttpCommandExecutor.java:264)
<br/>at org.openqa.selenium.remote.RemoteWebDriver.execute(RemoteWebDriver.java:389)
<br/>at org.openqa.selenium.remote.RemoteWebDriver.startSession(RemoteWebDriver.java:108)
<br/>at org.openqa.selenium.remote.RemoteWebDriver.&lt;init&gt;(RemoteWebDriver.java:86)
<br/>at org.openqa.selenium.remote.RemoteWebDriver.&lt;init&gt;(RemoteWebDriver.java:94)
<br/>at com.qmetric.utility.AbstractTest.setUp(AbstractTest.java:40)
<br/>at sun.reflect.NativeMethodAccessorImpl.invoke0(Native Method)
<br/>at sun.reflect.NativeMethodAccessorImpl.invoke(NativeMethodAccessorImpl.java:39)
<br/>at sun.reflect.DelegatingMethodAccessorImpl.invoke(DelegatingMethodAccessorImpl.java:25)
<br/>at java.lang.reflect.Method.invoke(Method.java:597)
<br/>at org.testng.internal.MethodInvocationHelper.invokeMethod(MethodInvocationHelper.java:76)
<br/>at org.testng.internal.Invoker.invokeConfigurationMethod(Invoker.java:525)
<br/>at org.testng.internal.Invoker.invokeConfigurations(Invoker.java:202)
<br/>at org.testng.internal.Invoker.invokeConfigurations(Invoker.java:130)
<br/>at org.testng.internal.TestMethodWorker.invokeBeforeClassMethods(TestMethodWorker.java:173)
<br/>at org.testng.internal.TestMethodWorker.run(TestMethodWorker.java:105)
<br/>at java.util.concurrent.ThreadPoolExecutor$Worker.runTask(ThreadPoolExecutor.java:886)
<br/>at java.util.concurrent.ThreadPoolExecutor$Worker.run(ThreadPoolExecutor.java:908)
<br/>at java.lang.Thread.run(Thread.java:680)
<br/>1 lines not shown
</td></tr>
</table>
<p class="totop"><a href="#summary">back to summary</a></p>
<a id="m19"></a><h2>com.qmetric.tests.LandingPageTest:getToLandingPage</h2>
<p class="totop"><a href="#summary">back to summary</a></p>
<a id="m20"></a><h2>com.qmetric.tests.PageOneUITest:getToPage1</h2>
<p class="totop"><a href="#summary">back to summary</a></p>
<a id="m21"></a><h2>com.qmetric.tests.PageOneUITest:getToPage1</h2>
<p class="totop"><a href="#summary">back to summary</a></p>
<a id="m22"></a><h2>com.qmetric.tests.PageOneUITest:tearDown</h2>
<p class="totop"><a href="#summary">back to summary</a></p>
<a id="m23"></a><h2>com.qmetric.tests.LandingPageTest:tearDown</h2>
<p class="totop"><a href="#summary">back to summary</a></p>
<a id="m24"></a><h2>com.qmetric.tests.PageOneUITest:getToPage1</h2>
<p class="totop"><a href="#summary">back to summary</a></p>
<a id="m25"></a><h2>com.qmetric.tests.PageOneUITest:getToPage1</h2>
<p class="totop"><a href="#summary">back to summary</a></p>
<a id="m26"></a><h2>com.qmetric.tests.PageOneUITest:getToPage1</h2>
<p class="totop"><a href="#summary">back to summary</a></p>
<a id="m27"></a><h2>com.qmetric.tests.PageOneUITest:testAddressManualEdit</h2>
<p class="totop"><a href="#summary">back to summary</a></p>
<a id="m28"></a><h2>com.qmetric.tests.PageOneUITest:testPropertyTypeDropDowns</h2>
<p class="totop"><a href="#summary">back to summary</a></p>
<a id="m29"></a><h2>com.qmetric.tests.LandingPageTest:testPageTitle</h2>
<p class="totop"><a href="#summary">back to summary</a></p>
<a id="m30"></a><h2>com.qmetric.tests.PageOneUITest:testAddressSearchValidationText</h2>
<p class="totop"><a href="#summary">back to summary</a></p>
<a id="m31"></a><h2>com.qmetric.tests.PageOneUITest:testAddressSearch</h2>
<p class="totop"><a href="#summary">back to summary</a></p>
<a id="m32"></a><h2>com.qmetric.tests.PageOneUITest:testPageTitle</h2>
<p class="totop"><a href="#summary">back to summary</a></p>
</body></html>
