<?xml version="1.0" encoding="UTF-8" ?>
<testsuite failures="3" time="16.215" errors="0" skipped="27" tests="33" name="TestSuite">
  <properties>
    <property name="java.runtime.name" value="Java(TM) SE Runtime Environment"/>
    <property name="sun.boot.library.path" value="/System/Library/Java/JavaVirtualMachines/1.6.0.jdk/Contents/Libraries"/>
    <property name="java.vm.version" value="20.8-b03-424"/>
    <property name="awt.nativeDoubleBuffering" value="true"/>
    <property name="gopherProxySet" value="false"/>
    <property name="mrj.build" value="10M3720"/>
    <property name="java.vm.vendor" value="Apple Inc."/>
    <property name="java.vendor.url" value="http://www.apple.com/"/>
    <property name="path.separator" value=":"/>
    <property name="java.vm.name" value="Java HotSpot(TM) 64-Bit Server VM"/>
    <property name="file.encoding.pkg" value="sun.io"/>
    <property name="user.country" value="US"/>
    <property name="sun.java.launcher" value="SUN_STANDARD"/>
    <property name="sun.os.patch.level" value="unknown"/>
    <property name="java.vm.specification.name" value="Java Virtual Machine Specification"/>
    <property name="user.dir" value="/Users/obray/projects/olly-selenium/functional-tests"/>
    <property name="java.runtime.version" value="1.6.0_33-b03-424-10M3720"/>
    <property name="java.awt.graphicsenv" value="apple.awt.CGraphicsEnvironment"/>
    <property name="basedir" value="/Users/obray/projects/olly-selenium/functional-tests"/>
    <property name="java.endorsed.dirs" value="/System/Library/Java/JavaVirtualMachines/1.6.0.jdk/Contents/Home/lib/endorsed"/>
    <property name="os.arch" value="x86_64"/>
    <property name="surefire.real.class.path" value="/Users/obray/projects/olly-selenium/functional-tests/target/surefire/surefirebooter253248632749810017.jar"/>
    <property name="java.io.tmpdir" value="/var/folders/yc/ycXrZjWfEdWgHWGbDYYkdU+++TI/-Tmp-/"/>
    <property name="line.separator" value="
"/>
    <property name="java.vm.specification.vendor" value="Sun Microsystems Inc."/>
    <property name="os.name" value="Mac OS X"/>
    <property name="sun.jnu.encoding" value="MacRoman"/>
    <property name="java.library.path" value=".:/Library/Java/Extensions:/System/Library/Java/Extensions:/usr/lib/java"/>
    <property name="surefire.test.class.path" value="/Users/obray/projects/olly-selenium/functional-tests/target/test-classes:/Users/obray/projects/olly-selenium/functional-tests/target/classes:/Users/obray/.m2/repository/org/seleniumhq/selenium/selenium-java/2.24.1/selenium-java-2.24.1.jar:/Users/obray/.m2/repository/org/seleniumhq/selenium/selenium-android-driver/2.24.1/selenium-android-driver-2.24.1.jar:/Users/obray/.m2/repository/org/seleniumhq/selenium/selenium-htmlunit-driver/2.24.1/selenium-htmlunit-driver-2.24.1.jar:/Users/obray/.m2/repository/org/seleniumhq/selenium/selenium-api/2.24.1/selenium-api-2.24.1.jar:/Users/obray/.m2/repository/com/google/guava/guava/12.0/guava-12.0.jar:/Users/obray/.m2/repository/com/google/code/findbugs/jsr305/1.3.9/jsr305-1.3.9.jar:/Users/obray/.m2/repository/net/sourceforge/htmlunit/htmlunit/2.9/htmlunit-2.9.jar:/Users/obray/.m2/repository/xalan/xalan/2.7.1/xalan-2.7.1.jar:/Users/obray/.m2/repository/xalan/serializer/2.7.1/serializer-2.7.1.jar:/Users/obray/.m2/repository/commons-collections/commons-collections/3.2.1/commons-collections-3.2.1.jar:/Users/obray/.m2/repository/commons-lang/commons-lang/2.6/commons-lang-2.6.jar:/Users/obray/.m2/repository/org/apache/httpcomponents/httpmime/4.1.2/httpmime-4.1.2.jar:/Users/obray/.m2/repository/commons-codec/commons-codec/1.4/commons-codec-1.4.jar:/Users/obray/.m2/repository/net/sourceforge/htmlunit/htmlunit-core-js/2.9/htmlunit-core-js-2.9.jar:/Users/obray/.m2/repository/xerces/xercesImpl/2.9.1/xercesImpl-2.9.1.jar:/Users/obray/.m2/repository/xml-apis/xml-apis/1.3.04/xml-apis-1.3.04.jar:/Users/obray/.m2/repository/net/sourceforge/nekohtml/nekohtml/1.9.15/nekohtml-1.9.15.jar:/Users/obray/.m2/repository/net/sourceforge/cssparser/cssparser/0.9.5/cssparser-0.9.5.jar:/Users/obray/.m2/repository/org/w3c/css/sac/1.3/sac-1.3.jar:/Users/obray/.m2/repository/commons-logging/commons-logging/1.1.1/commons-logging-1.1.1.jar:/Users/obray/.m2/repository/org/apache/httpcomponents/httpclient/4.1.2/httpclient-4.1.2.jar:/Users/obray/.m2/repository/org/apache/httpcomponents/httpcore/4.1.2/httpcore-4.1.2.jar:/Users/obray/.m2/repository/org/seleniumhq/selenium/selenium-firefox-driver/2.24.1/selenium-firefox-driver-2.24.1.jar:/Users/obray/.m2/repository/commons-io/commons-io/2.0.1/commons-io-2.0.1.jar:/Users/obray/.m2/repository/org/apache/commons/commons-exec/1.1/commons-exec-1.1.jar:/Users/obray/.m2/repository/org/seleniumhq/selenium/selenium-ie-driver/2.24.1/selenium-ie-driver-2.24.1.jar:/Users/obray/.m2/repository/net/java/dev/jna/jna/3.4.0/jna-3.4.0.jar:/Users/obray/.m2/repository/net/java/dev/jna/platform/3.4.0/platform-3.4.0.jar:/Users/obray/.m2/repository/org/seleniumhq/selenium/selenium-iphone-driver/2.24.1/selenium-iphone-driver-2.24.1.jar:/Users/obray/.m2/repository/org/seleniumhq/selenium/selenium-safari-driver/2.24.1/selenium-safari-driver-2.24.1.jar:/Users/obray/.m2/repository/org/seleniumhq/selenium/selenium-support/2.24.1/selenium-support-2.24.1.jar:/Users/obray/.m2/repository/org/webbitserver/webbit/0.4.6/webbit-0.4.6.jar:/Users/obray/.m2/repository/org/jboss/netty/netty/3.2.7.Final/netty-3.2.7.Final.jar:/Users/obray/.m2/repository/org/seleniumhq/selenium/selenium-chrome-driver/2.5.0/selenium-chrome-driver-2.5.0.jar:/Users/obray/.m2/repository/org/seleniumhq/selenium/selenium-remote-driver/2.5.0/selenium-remote-driver-2.5.0.jar:/Users/obray/.m2/repository/cglib/cglib-nodep/2.1_3/cglib-nodep-2.1_3.jar:/Users/obray/.m2/repository/org/json/json/20080701/json-20080701.jar:/Users/obray/.m2/repository/org/testng/testng/6.0.1/testng-6.0.1.jar:/Users/obray/.m2/repository/junit/junit/3.8.1/junit-3.8.1.jar:/Users/obray/.m2/repository/org/beanshell/bsh/2.0b4/bsh-2.0b4.jar:/Users/obray/.m2/repository/com/beust/jcommander/1.12/jcommander-1.12.jar:/Users/obray/.m2/repository/org/yaml/snakeyaml/1.6/snakeyaml-1.6.jar:/Users/obray/.m2/repository/org/apache/maven/surefire/surefire-testng-utils/2.8/surefire-testng-utils-2.8.jar:"/>
    <property name="java.specification.name" value="Java Platform API Specification"/>
    <property name="java.class.version" value="50.0"/>
    <property name="sun.management.compiler" value="HotSpot 64-Bit Tiered Compilers"/>
    <property name="os.version" value="10.6.8"/>
    <property name="http.nonProxyHosts" value="local|*.local|169.254/16|*.169.254/16"/>
    <property name="user.home" value="/Users/obray"/>
    <property name="user.timezone" value="Europe/London"/>
    <property name="java.awt.printerjob" value="apple.awt.CPrinterJob"/>
    <property name="java.specification.version" value="1.6"/>
    <property name="file.encoding" value="MacRoman"/>
    <property name="user.name" value="obray"/>
    <property name="java.class.path" value="/Users/obray/projects/olly-selenium/functional-tests/target/test-classes:/Users/obray/projects/olly-selenium/functional-tests/target/classes:/Users/obray/.m2/repository/org/seleniumhq/selenium/selenium-java/2.24.1/selenium-java-2.24.1.jar:/Users/obray/.m2/repository/org/seleniumhq/selenium/selenium-android-driver/2.24.1/selenium-android-driver-2.24.1.jar:/Users/obray/.m2/repository/org/seleniumhq/selenium/selenium-htmlunit-driver/2.24.1/selenium-htmlunit-driver-2.24.1.jar:/Users/obray/.m2/repository/org/seleniumhq/selenium/selenium-api/2.24.1/selenium-api-2.24.1.jar:/Users/obray/.m2/repository/com/google/guava/guava/12.0/guava-12.0.jar:/Users/obray/.m2/repository/com/google/code/findbugs/jsr305/1.3.9/jsr305-1.3.9.jar:/Users/obray/.m2/repository/net/sourceforge/htmlunit/htmlunit/2.9/htmlunit-2.9.jar:/Users/obray/.m2/repository/xalan/xalan/2.7.1/xalan-2.7.1.jar:/Users/obray/.m2/repository/xalan/serializer/2.7.1/serializer-2.7.1.jar:/Users/obray/.m2/repository/commons-collections/commons-collections/3.2.1/commons-collections-3.2.1.jar:/Users/obray/.m2/repository/commons-lang/commons-lang/2.6/commons-lang-2.6.jar:/Users/obray/.m2/repository/org/apache/httpcomponents/httpmime/4.1.2/httpmime-4.1.2.jar:/Users/obray/.m2/repository/commons-codec/commons-codec/1.4/commons-codec-1.4.jar:/Users/obray/.m2/repository/net/sourceforge/htmlunit/htmlunit-core-js/2.9/htmlunit-core-js-2.9.jar:/Users/obray/.m2/repository/xerces/xercesImpl/2.9.1/xercesImpl-2.9.1.jar:/Users/obray/.m2/repository/xml-apis/xml-apis/1.3.04/xml-apis-1.3.04.jar:/Users/obray/.m2/repository/net/sourceforge/nekohtml/nekohtml/1.9.15/nekohtml-1.9.15.jar:/Users/obray/.m2/repository/net/sourceforge/cssparser/cssparser/0.9.5/cssparser-0.9.5.jar:/Users/obray/.m2/repository/org/w3c/css/sac/1.3/sac-1.3.jar:/Users/obray/.m2/repository/commons-logging/commons-logging/1.1.1/commons-logging-1.1.1.jar:/Users/obray/.m2/repository/org/apache/httpcomponents/httpclient/4.1.2/httpclient-4.1.2.jar:/Users/obray/.m2/repository/org/apache/httpcomponents/httpcore/4.1.2/httpcore-4.1.2.jar:/Users/obray/.m2/repository/org/seleniumhq/selenium/selenium-firefox-driver/2.24.1/selenium-firefox-driver-2.24.1.jar:/Users/obray/.m2/repository/commons-io/commons-io/2.0.1/commons-io-2.0.1.jar:/Users/obray/.m2/repository/org/apache/commons/commons-exec/1.1/commons-exec-1.1.jar:/Users/obray/.m2/repository/org/seleniumhq/selenium/selenium-ie-driver/2.24.1/selenium-ie-driver-2.24.1.jar:/Users/obray/.m2/repository/net/java/dev/jna/jna/3.4.0/jna-3.4.0.jar:/Users/obray/.m2/repository/net/java/dev/jna/platform/3.4.0/platform-3.4.0.jar:/Users/obray/.m2/repository/org/seleniumhq/selenium/selenium-iphone-driver/2.24.1/selenium-iphone-driver-2.24.1.jar:/Users/obray/.m2/repository/org/seleniumhq/selenium/selenium-safari-driver/2.24.1/selenium-safari-driver-2.24.1.jar:/Users/obray/.m2/repository/org/seleniumhq/selenium/selenium-support/2.24.1/selenium-support-2.24.1.jar:/Users/obray/.m2/repository/org/webbitserver/webbit/0.4.6/webbit-0.4.6.jar:/Users/obray/.m2/repository/org/jboss/netty/netty/3.2.7.Final/netty-3.2.7.Final.jar:/Users/obray/.m2/repository/org/seleniumhq/selenium/selenium-chrome-driver/2.5.0/selenium-chrome-driver-2.5.0.jar:/Users/obray/.m2/repository/org/seleniumhq/selenium/selenium-remote-driver/2.5.0/selenium-remote-driver-2.5.0.jar:/Users/obray/.m2/repository/cglib/cglib-nodep/2.1_3/cglib-nodep-2.1_3.jar:/Users/obray/.m2/repository/org/json/json/20080701/json-20080701.jar:/Users/obray/.m2/repository/org/testng/testng/6.0.1/testng-6.0.1.jar:/Users/obray/.m2/repository/junit/junit/3.8.1/junit-3.8.1.jar:/Users/obray/.m2/repository/org/beanshell/bsh/2.0b4/bsh-2.0b4.jar:/Users/obray/.m2/repository/com/beust/jcommander/1.12/jcommander-1.12.jar:/Users/obray/.m2/repository/org/yaml/snakeyaml/1.6/snakeyaml-1.6.jar:/Users/obray/.m2/repository/org/apache/maven/surefire/surefire-testng-utils/2.8/surefire-testng-utils-2.8.jar:"/>
    <property name="java.vm.specification.version" value="1.0"/>
    <property name="sun.arch.data.model" value="64"/>
    <property name="java.home" value="/System/Library/Java/JavaVirtualMachines/1.6.0.jdk/Contents/Home"/>
    <property name="sun.java.command" value="/Users/obray/projects/olly-selenium/functional-tests/target/surefire/surefirebooter253248632749810017.jar /Users/obray/projects/olly-selenium/functional-tests/target/surefire/surefire7628249365784766592tmp /Users/obray/projects/olly-selenium/functional-tests/target/surefire/surefire2677871007072864961tmp"/>
    <property name="java.specification.vendor" value="Sun Microsystems Inc."/>
    <property name="user.language" value="en"/>
    <property name="awt.toolkit" value="apple.awt.CToolkit"/>
    <property name="java.vm.info" value="mixed mode"/>
    <property name="java.version" value="1.6.0_33"/>
    <property name="java.ext.dirs" value="/Library/Java/Extensions:/System/Library/Java/Extensions:/System/Library/Java/JavaVirtualMachines/1.6.0.jdk/Contents/Home/lib/ext"/>
    <property name="sun.boot.class.path" value="/System/Library/Java/JavaVirtualMachines/1.6.0.jdk/Contents/Classes/jsfd.jar:/System/Library/Java/JavaVirtualMachines/1.6.0.jdk/Contents/Classes/classes.jar:/System/Library/Frameworks/JavaVM.framework/Frameworks/JavaRuntimeSupport.framework/Resources/Java/JavaRuntimeSupport.jar:/System/Library/Java/JavaVirtualMachines/1.6.0.jdk/Contents/Classes/ui.jar:/System/Library/Java/JavaVirtualMachines/1.6.0.jdk/Contents/Classes/laf.jar:/System/Library/Java/JavaVirtualMachines/1.6.0.jdk/Contents/Classes/sunrsasign.jar:/System/Library/Java/JavaVirtualMachines/1.6.0.jdk/Contents/Classes/jsse.jar:/System/Library/Java/JavaVirtualMachines/1.6.0.jdk/Contents/Classes/jce.jar:/System/Library/Java/JavaVirtualMachines/1.6.0.jdk/Contents/Classes/charsets.jar"/>
    <property name="java.vendor" value="Apple Inc."/>
    <property name="localRepository" value="/Users/obray/.m2/repository"/>
    <property name="file.separator" value="/"/>
    <property name="java.vendor.url.bug" value="http://bugreport.apple.com/"/>
    <property name="sun.cpu.endian" value="little"/>
    <property name="sun.io.unicode.encoding" value="UnicodeLittle"/>
    <property name="mrj.version" value="1060.1.6.0_33-424"/>
    <property name="socksNonProxyHosts" value="local|*.local|169.254/16|*.169.254/16"/>
    <property name="ftp.nonProxyHosts" value="local|*.local|169.254/16|*.169.254/16"/>
    <property name="sun.cpu.isalist" value=""/>
  </properties>
  <testcase time="0.126" classname="com.qmetric.tests.LandingPageTest" name="testPageTitle"/>
  <testcase time="0.078" classname="com.qmetric.tests.LandingPageTest" name="testPageTitle"/>
  <testcase time="0.6" classname="com.qmetric.tests.PageOneUITest" name="getToPage1">
    <failure message="findElement execution failed;
 SYNTAX_ERR: DOM Exception 12 (WARNING: The server did not provide any stacktrace information)
Command duration or timeout: 61 milliseconds
Build info: version: &apos;2.25.0&apos;, revision: &apos;17482&apos;, time: &apos;2012-07-18 21:08:56&apos;
System info: os.name: &apos;Windows Server 2008 R2&apos;, os.arch: &apos;amd64&apos;, os.version: &apos;6.1&apos;, java.version: &apos;1.6.0_25&apos;
Driver info: driver.version: EventFiringWebDriver
Session ID: f3c387b407d2980cdefd141b3d7f4302
Build info: version: &apos;2.24.1&apos;, revision: &apos;17205&apos;, time: &apos;2012-06-19 15:28:49&apos;
System info: os.name: &apos;Mac OS X&apos;, os.arch: &apos;x86_64&apos;, os.version: &apos;10.6.8&apos;, java.version: &apos;1.6.0_33&apos;
Driver info: driver.version: RemoteWebDriver" type="org.openqa.selenium.InvalidElementStateException">org.openqa.selenium.InvalidElementStateException: findElement execution failed;
 SYNTAX_ERR: DOM Exception 12 (WARNING: The server did not provide any stacktrace information)
Command duration or timeout: 61 milliseconds
Build info: version: &apos;2.25.0&apos;, revision: &apos;17482&apos;, time: &apos;2012-07-18 21:08:56&apos;
System info: os.name: &apos;Windows Server 2008 R2&apos;, os.arch: &apos;amd64&apos;, os.version: &apos;6.1&apos;, java.version: &apos;1.6.0_25&apos;
Driver info: driver.version: EventFiringWebDriver
Session ID: f3c387b407d2980cdefd141b3d7f4302
Build info: version: &apos;2.24.1&apos;, revision: &apos;17205&apos;, time: &apos;2012-06-19 15:28:49&apos;
System info: os.name: &apos;Mac OS X&apos;, os.arch: &apos;x86_64&apos;, os.version: &apos;10.6.8&apos;, java.version: &apos;1.6.0_33&apos;
Driver info: driver.version: RemoteWebDriver
	at sun.reflect.NativeConstructorAccessorImpl.newInstance0(Native Method)
	at sun.reflect.NativeConstructorAccessorImpl.newInstance(NativeConstructorAccessorImpl.java:39)
	at sun.reflect.DelegatingConstructorAccessorImpl.newInstance(DelegatingConstructorAccessorImpl.java:27)
	at java.lang.reflect.Constructor.newInstance(Constructor.java:513)
	at org.openqa.selenium.remote.ErrorHandler.createThrowable(ErrorHandler.java:131)
	at org.openqa.selenium.remote.ErrorHandler.throwIfResponseFailed(ErrorHandler.java:105)
	at org.openqa.selenium.remote.RemoteWebDriver.execute(RemoteWebDriver.java:409)
	at org.openqa.selenium.remote.RemoteWebDriver.findElement(RemoteWebDriver.java:197)
	at org.openqa.selenium.remote.RemoteWebDriver.findElementByCssSelector(RemoteWebDriver.java:262)
	at org.openqa.selenium.By$ByCssSelector.findElement(By.java:405)
	at org.openqa.selenium.remote.RemoteWebDriver.findElement(RemoteWebDriver.java:189)
	at org.openqa.selenium.support.pagefactory.DefaultElementLocator.findElement(DefaultElementLocator.java:59)
	at org.openqa.selenium.support.pagefactory.internal.LocatingElementHandler.invoke(LocatingElementHandler.java:34)
	at $Proxy10.click(Unknown Source)
	at com.qmetric.pages.LandingPage.clickNewEnquiry(LandingPage.java:22)
	at com.qmetric.pages.LandingPage.startNewEnquiry(LandingPage.java:26)
	at com.qmetric.tests.PageOneUITest.getToPage1(PageOneUITest.java:18)
Caused by: org.openqa.selenium.remote.ScreenshotException: Screen shot has been taken
Build info: version: &apos;2.24.1&apos;, revision: &apos;17205&apos;, time: &apos;2012-06-19 15:28:49&apos;
System info: os.name: &apos;Mac OS X&apos;, os.arch: &apos;x86_64&apos;, os.version: &apos;10.6.8&apos;, java.version: &apos;1.6.0_33&apos;
Driver info: driver.version: RemoteWebDriver
	at org.openqa.selenium.remote.ErrorHandler.throwIfResponseFailed(ErrorHandler.java:99)
	... 26 more
Caused by: org.openqa.selenium.InvalidElementStateException: findElement execution failed;
 SYNTAX_ERR: DOM Exception 12 (WARNING: The server did not provide any stacktrace information)
Command duration or timeout: 61 milliseconds
Build info: version: &apos;2.25.0&apos;, revision: &apos;17482&apos;, time: &apos;2012-07-18 21:08:56&apos;
System info: os.name: &apos;Windows Server 2008 R2&apos;, os.arch: &apos;amd64&apos;, os.version: &apos;6.1&apos;, java.version: &apos;1.6.0_25&apos;
Driver info: driver.version: EventFiringWebDriver
Session ID: f3c387b407d2980cdefd141b3d7f4302
Build info: version: &apos;2.24.1&apos;, revision: &apos;17205&apos;, time: &apos;2012-06-19 15:28:49&apos;
System info: os.name: &apos;Mac OS X&apos;, os.arch: &apos;x86_64&apos;, os.version: &apos;10.6.8&apos;, java.version: &apos;1.6.0_33&apos;
Driver info: driver.version: EventFiringWebDriver
	at sun.reflect.NativeConstructorAccessorImpl.newInstance0(Native Method)
	at sun.reflect.NativeConstructorAccessorImpl.newInstance(NativeConstructorAccessorImpl.java:39)
	at sun.reflect.DelegatingConstructorAccessorImpl.newInstance(DelegatingConstructorAccessorImpl.java:27)
	at java.lang.reflect.Constructor.newInstance(Constructor.java:513)
	at org.openqa.selenium.remote.ErrorHandler.createThrowable(ErrorHandler.java:188)
	at org.openqa.selenium.remote.ErrorHandler.throwIfResponseFailed(ErrorHandler.java:145)
	at org.openqa.selenium.remote.RemoteWebDriver.execute(RemoteWebDriver.java:498)
	at org.openqa.selenium.remote.RemoteWebDriver.findElement(RemoteWebDriver.java:268)
	at org.openqa.selenium.remote.RemoteWebDriver.findElementByCssSelector(RemoteWebDriver.java:345)
	at org.openqa.selenium.By$ByCssSelector.findElement(By.java:406)
	at org.openqa.selenium.remote.RemoteWebDriver.findElement(RemoteWebDriver.java:260)
	at sun.reflect.GeneratedMethodAccessor20.invoke(Unknown Source)
	at sun.reflect.DelegatingMethodAccessorImpl.invoke(DelegatingMethodAccessorImpl.java:25)
	at java.lang.reflect.Method.invoke(Method.java:597)
	at org.openqa.selenium.support.events.EventFiringWebDriver$2.invoke(EventFiringWebDriver.java:101)
	at $Proxy1.findElement(Unknown Source)
	at org.openqa.selenium.support.events.EventFiringWebDriver.findElement(EventFiringWebDriver.java:180)
	at org.openqa.selenium.remote.server.handler.FindElement.call(FindElement.java:47)
	at org.openqa.selenium.remote.server.handler.FindElement.call(FindElement.java:1)
	at java.util.concurrent.FutureTask$Sync.innerRun(FutureTask.java:303)
	at java.util.concurrent.FutureTask.run(FutureTask.java:138)
	at org.openqa.selenium.remote.server.DefaultSession$1.run(DefaultSession.java:150)
	at java.util.concurrent.ThreadPoolExecutor$Worker.runTask(ThreadPoolExecutor.java:886)
	at java.util.concurrent.ThreadPoolExecutor$Worker.run(ThreadPoolExecutor.java:908)
	at java.lang.Thread.run(Thread.java:662)
</failure>
  </testcase>
  <testcase time="0" classname="com.qmetric.tests.PageOneUITest" name="testAddressSearch">
    <skipped/>
  </testcase>
  <testcase time="0.001" classname="com.qmetric.tests.PageOneUITest" name="getToPage1">
    <skipped/>
  </testcase>
  <testcase time="0" classname="com.qmetric.tests.PageOneUITest" name="testPropertyTypeDropDowns">
    <skipped/>
  </testcase>
  <testcase time="0.001" classname="com.qmetric.tests.PageOneUITest" name="getToPage1">
    <skipped/>
  </testcase>
  <testcase time="0" classname="com.qmetric.tests.PageOneUITest" name="testAddressSearchValidationText">
    <skipped/>
  </testcase>
  <testcase time="0" classname="com.qmetric.tests.PageOneUITest" name="getToPage1">
    <skipped/>
  </testcase>
  <testcase time="0" classname="com.qmetric.tests.PageOneUITest" name="testPageTitle">
    <skipped/>
  </testcase>
  <testcase time="0.001" classname="com.qmetric.tests.PageOneUITest" name="getToPage1">
    <skipped/>
  </testcase>
  <testcase time="0" classname="com.qmetric.tests.PageOneUITest" name="testAddressManualEdit">
    <skipped/>
  </testcase>
  <testcase time="0.111" classname="com.qmetric.tests.LandingPageTest" name="testPageTitle"/>
  <testcase time="0.22" classname="com.qmetric.tests.PageOneUITest" name="getToPage1">
    <failure message="The given selector //button[@type=&apos;submit&apos;] is either invalid or does not result in a WebElement. The following error occurred:
[Exception... &quot;An invalid or illegal string was specified&quot;  code: &quot;12&quot; nsresult: &quot;0x8053000c (NS_ERROR_DOM_SYNTAX_ERR)&quot;  location: &quot;file:///C:/Users/ADMINI~1/AppData/Local/Temp/anonymous1625410346955330381webdriver-profile/extensions/fxdriver@googlecode.com/components/driver_component.js Line: 5993&quot;]
Command duration or timeout: 15 milliseconds
For documentation on this error, please visit: http://seleniumhq.org/exceptions/invalid_selector_exception.html
Build info: version: &apos;2.25.0&apos;, revision: &apos;17482&apos;, time: &apos;2012-07-18 21:08:56&apos;
System info: os.name: &apos;Windows Server 2008 R2&apos;, os.arch: &apos;amd64&apos;, os.version: &apos;6.1&apos;, java.version: &apos;1.6.0_25&apos;
Driver info: driver.version: EventFiringWebDriver
Session ID: 04c6e461-94a6-4de3-a58b-5696b0abdf0f
For documentation on this error, please visit: http://seleniumhq.org/exceptions/invalid_selector_exception.html
Build info: version: &apos;2.24.1&apos;, revision: &apos;17205&apos;, time: &apos;2012-06-19 15:28:49&apos;
System info: os.name: &apos;Mac OS X&apos;, os.arch: &apos;x86_64&apos;, os.version: &apos;10.6.8&apos;, java.version: &apos;1.6.0_33&apos;
Driver info: driver.version: RemoteWebDriver" type="org.openqa.selenium.InvalidSelectorException">org.openqa.selenium.InvalidSelectorException: The given selector //button[@type=&apos;submit&apos;] is either invalid or does not result in a WebElement. The following error occurred:
[Exception... &quot;An invalid or illegal string was specified&quot;  code: &quot;12&quot; nsresult: &quot;0x8053000c (NS_ERROR_DOM_SYNTAX_ERR)&quot;  location: &quot;file:///C:/Users/ADMINI~1/AppData/Local/Temp/anonymous1625410346955330381webdriver-profile/extensions/fxdriver@googlecode.com/components/driver_component.js Line: 5993&quot;]
Command duration or timeout: 15 milliseconds
For documentation on this error, please visit: http://seleniumhq.org/exceptions/invalid_selector_exception.html
Build info: version: &apos;2.25.0&apos;, revision: &apos;17482&apos;, time: &apos;2012-07-18 21:08:56&apos;
System info: os.name: &apos;Windows Server 2008 R2&apos;, os.arch: &apos;amd64&apos;, os.version: &apos;6.1&apos;, java.version: &apos;1.6.0_25&apos;
Driver info: driver.version: EventFiringWebDriver
Session ID: 04c6e461-94a6-4de3-a58b-5696b0abdf0f
For documentation on this error, please visit: http://seleniumhq.org/exceptions/invalid_selector_exception.html
Build info: version: &apos;2.24.1&apos;, revision: &apos;17205&apos;, time: &apos;2012-06-19 15:28:49&apos;
System info: os.name: &apos;Mac OS X&apos;, os.arch: &apos;x86_64&apos;, os.version: &apos;10.6.8&apos;, java.version: &apos;1.6.0_33&apos;
Driver info: driver.version: RemoteWebDriver
	at sun.reflect.NativeConstructorAccessorImpl.newInstance0(Native Method)
	at sun.reflect.NativeConstructorAccessorImpl.newInstance(NativeConstructorAccessorImpl.java:39)
	at sun.reflect.DelegatingConstructorAccessorImpl.newInstance(DelegatingConstructorAccessorImpl.java:27)
	at java.lang.reflect.Constructor.newInstance(Constructor.java:513)
	at org.openqa.selenium.remote.ErrorHandler.createThrowable(ErrorHandler.java:131)
	at org.openqa.selenium.remote.ErrorHandler.throwIfResponseFailed(ErrorHandler.java:105)
	at org.openqa.selenium.remote.RemoteWebDriver.execute(RemoteWebDriver.java:409)
	at org.openqa.selenium.remote.RemoteWebDriver.findElement(RemoteWebDriver.java:197)
	at org.openqa.selenium.remote.RemoteWebDriver.findElementByCssSelector(RemoteWebDriver.java:262)
	at org.openqa.selenium.By$ByCssSelector.findElement(By.java:405)
	at org.openqa.selenium.remote.RemoteWebDriver.findElement(RemoteWebDriver.java:189)
	at org.openqa.selenium.support.pagefactory.DefaultElementLocator.findElement(DefaultElementLocator.java:59)
	at org.openqa.selenium.support.pagefactory.internal.LocatingElementHandler.invoke(LocatingElementHandler.java:34)
	at $Proxy10.click(Unknown Source)
	at com.qmetric.pages.LandingPage.clickNewEnquiry(LandingPage.java:22)
	at com.qmetric.pages.LandingPage.startNewEnquiry(LandingPage.java:26)
	at com.qmetric.tests.PageOneUITest.getToPage1(PageOneUITest.java:18)
Caused by: org.openqa.selenium.remote.ScreenshotException: Screen shot has been taken
Build info: version: &apos;2.24.1&apos;, revision: &apos;17205&apos;, time: &apos;2012-06-19 15:28:49&apos;
System info: os.name: &apos;Mac OS X&apos;, os.arch: &apos;x86_64&apos;, os.version: &apos;10.6.8&apos;, java.version: &apos;1.6.0_33&apos;
Driver info: driver.version: RemoteWebDriver
	at org.openqa.selenium.remote.ErrorHandler.throwIfResponseFailed(ErrorHandler.java:99)
	... 26 more
Caused by: org.openqa.selenium.InvalidSelectorException: The given selector //button[@type=&apos;submit&apos;] is either invalid or does not result in a WebElement. The following error occurred:
[Exception... &quot;An invalid or illegal string was specified&quot;  code: &quot;12&quot; nsresult: &quot;0x8053000c (NS_ERROR_DOM_SYNTAX_ERR)&quot;  location: &quot;file:///C:/Users/ADMINI~1/AppData/Local/Temp/anonymous1625410346955330381webdriver-profile/extensions/fxdriver@googlecode.com/components/driver_component.js Line: 5993&quot;]
Command duration or timeout: 15 milliseconds
For documentation on this error, please visit: http://seleniumhq.org/exceptions/invalid_selector_exception.html
Build info: version: &apos;2.25.0&apos;, revision: &apos;17482&apos;, time: &apos;2012-07-18 21:08:56&apos;
System info: os.name: &apos;Windows Server 2008 R2&apos;, os.arch: &apos;amd64&apos;, os.version: &apos;6.1&apos;, java.version: &apos;1.6.0_25&apos;
Driver info: driver.version: EventFiringWebDriver
Session ID: 04c6e461-94a6-4de3-a58b-5696b0abdf0f
For documentation on this error, please visit: http://seleniumhq.org/exceptions/invalid_selector_exception.html
Build info: version: &apos;2.24.1&apos;, revision: &apos;17205&apos;, time: &apos;2012-06-19 15:28:49&apos;
System info: os.name: &apos;Mac OS X&apos;, os.arch: &apos;x86_64&apos;, os.version: &apos;10.6.8&apos;, java.version: &apos;1.6.0_33&apos;
Driver info: driver.version: EventFiringWebDriver
	at sun.reflect.NativeConstructorAccessorImpl.newInstance0(Native Method)
	at sun.reflect.NativeConstructorAccessorImpl.newInstance(NativeConstructorAccessorImpl.java:39)
	at sun.reflect.DelegatingConstructorAccessorImpl.newInstance(DelegatingConstructorAccessorImpl.java:27)
	at java.lang.reflect.Constructor.newInstance(Constructor.java:513)
	at org.openqa.selenium.remote.ErrorHandler.createThrowable(ErrorHandler.java:188)
	at org.openqa.selenium.remote.ErrorHandler.throwIfResponseFailed(ErrorHandler.java:145)
	at org.openqa.selenium.remote.RemoteWebDriver.execute(RemoteWebDriver.java:498)
	at org.openqa.selenium.remote.RemoteWebDriver.findElement(RemoteWebDriver.java:268)
	at org.openqa.selenium.remote.RemoteWebDriver.findElementByCssSelector(RemoteWebDriver.java:345)
	at org.openqa.selenium.By$ByCssSelector.findElement(By.java:406)
	at org.openqa.selenium.remote.RemoteWebDriver.findElement(RemoteWebDriver.java:260)
	at sun.reflect.GeneratedMethodAccessor20.invoke(Unknown Source)
	at sun.reflect.DelegatingMethodAccessorImpl.invoke(DelegatingMethodAccessorImpl.java:25)
	at java.lang.reflect.Method.invoke(Method.java:597)
	at org.openqa.selenium.support.events.EventFiringWebDriver$2.invoke(EventFiringWebDriver.java:101)
	at $Proxy1.findElement(Unknown Source)
	at org.openqa.selenium.support.events.EventFiringWebDriver.findElement(EventFiringWebDriver.java:180)
	at org.openqa.selenium.remote.server.handler.FindElement.call(FindElement.java:47)
	at org.openqa.selenium.remote.server.handler.FindElement.call(FindElement.java:1)
	at java.util.concurrent.FutureTask$Sync.innerRun(FutureTask.java:303)
	at java.util.concurrent.FutureTask.run(FutureTask.java:138)
	at org.openqa.selenium.remote.server.DefaultSession$1.run(DefaultSession.java:150)
	at java.util.concurrent.ThreadPoolExecutor$Worker.runTask(ThreadPoolExecutor.java:886)
	at java.util.concurrent.ThreadPoolExecutor$Worker.run(ThreadPoolExecutor.java:908)
	at java.lang.Thread.run(Thread.java:662)
</failure>
  </testcase>
  <testcase time="0" classname="com.qmetric.tests.PageOneUITest" name="testAddressSearch">
    <skipped/>
  </testcase>
  <testcase time="0.001" classname="com.qmetric.tests.PageOneUITest" name="getToPage1">
    <skipped/>
  </testcase>
  <testcase time="0" classname="com.qmetric.tests.PageOneUITest" name="testPropertyTypeDropDowns">
    <skipped/>
  </testcase>
  <testcase time="0" classname="com.qmetric.tests.PageOneUITest" name="getToPage1">
    <skipped/>
  </testcase>
  <testcase time="0" classname="com.qmetric.tests.PageOneUITest" name="testAddressSearchValidationText">
    <skipped/>
  </testcase>
  <testcase time="0.001" classname="com.qmetric.tests.PageOneUITest" name="getToPage1">
    <skipped/>
  </testcase>
  <testcase time="0" classname="com.qmetric.tests.PageOneUITest" name="testPageTitle">
    <skipped/>
  </testcase>
  <testcase time="0" classname="com.qmetric.tests.PageOneUITest" name="getToPage1">
    <skipped/>
  </testcase>
  <testcase time="0" classname="com.qmetric.tests.PageOneUITest" name="testAddressManualEdit">
    <skipped/>
  </testcase>
  <testcase time="7.999" classname="com.qmetric.tests.PageOneUITest" name="getToPage1">
    <failure message="Unable to find element with css selector == //button[@type=&apos;submit&apos;] (WARNING: The server did not provide any stacktrace information)
Command duration or timeout: 10.15 seconds
For documentation on this error, please visit: http://seleniumhq.org/exceptions/no_such_element.html
Build info: version: &apos;2.25.0&apos;, revision: &apos;17482&apos;, time: &apos;2012-07-18 21:08:56&apos;
System info: os.name: &apos;Windows Server 2008 R2&apos;, os.arch: &apos;amd64&apos;, os.version: &apos;6.1&apos;, java.version: &apos;1.6.0_25&apos;
Driver info: driver.version: EventFiringWebDriver
Session ID: b1d14394-e89f-4342-9e56-31c297e6ddac
For documentation on this error, please visit: http://seleniumhq.org/exceptions/no_such_element.html
Build info: version: &apos;2.24.1&apos;, revision: &apos;17205&apos;, time: &apos;2012-06-19 15:28:49&apos;
System info: os.name: &apos;Mac OS X&apos;, os.arch: &apos;x86_64&apos;, os.version: &apos;10.6.8&apos;, java.version: &apos;1.6.0_33&apos;
Driver info: driver.version: RemoteWebDriver" type="org.openqa.selenium.NoSuchElementException">org.openqa.selenium.NoSuchElementException: Unable to find element with css selector == //button[@type=&apos;submit&apos;] (WARNING: The server did not provide any stacktrace information)
Command duration or timeout: 10.15 seconds
For documentation on this error, please visit: http://seleniumhq.org/exceptions/no_such_element.html
Build info: version: &apos;2.25.0&apos;, revision: &apos;17482&apos;, time: &apos;2012-07-18 21:08:56&apos;
System info: os.name: &apos;Windows Server 2008 R2&apos;, os.arch: &apos;amd64&apos;, os.version: &apos;6.1&apos;, java.version: &apos;1.6.0_25&apos;
Driver info: driver.version: EventFiringWebDriver
Session ID: b1d14394-e89f-4342-9e56-31c297e6ddac
For documentation on this error, please visit: http://seleniumhq.org/exceptions/no_such_element.html
Build info: version: &apos;2.24.1&apos;, revision: &apos;17205&apos;, time: &apos;2012-06-19 15:28:49&apos;
System info: os.name: &apos;Mac OS X&apos;, os.arch: &apos;x86_64&apos;, os.version: &apos;10.6.8&apos;, java.version: &apos;1.6.0_33&apos;
Driver info: driver.version: RemoteWebDriver
	at sun.reflect.NativeConstructorAccessorImpl.newInstance0(Native Method)
	at sun.reflect.NativeConstructorAccessorImpl.newInstance(NativeConstructorAccessorImpl.java:39)
	at sun.reflect.DelegatingConstructorAccessorImpl.newInstance(DelegatingConstructorAccessorImpl.java:27)
	at java.lang.reflect.Constructor.newInstance(Constructor.java:513)
	at org.openqa.selenium.remote.ErrorHandler.createThrowable(ErrorHandler.java:131)
	at org.openqa.selenium.remote.ErrorHandler.throwIfResponseFailed(ErrorHandler.java:105)
	at org.openqa.selenium.remote.RemoteWebDriver.execute(RemoteWebDriver.java:409)
	at org.openqa.selenium.remote.RemoteWebDriver.findElement(RemoteWebDriver.java:197)
	at org.openqa.selenium.remote.RemoteWebDriver.findElementByCssSelector(RemoteWebDriver.java:262)
	at org.openqa.selenium.By$ByCssSelector.findElement(By.java:405)
	at org.openqa.selenium.remote.RemoteWebDriver.findElement(RemoteWebDriver.java:189)
	at org.openqa.selenium.support.pagefactory.DefaultElementLocator.findElement(DefaultElementLocator.java:59)
	at org.openqa.selenium.support.pagefactory.internal.LocatingElementHandler.invoke(LocatingElementHandler.java:34)
	at $Proxy10.click(Unknown Source)
	at com.qmetric.pages.LandingPage.clickNewEnquiry(LandingPage.java:22)
	at com.qmetric.pages.LandingPage.startNewEnquiry(LandingPage.java:26)
	at com.qmetric.tests.PageOneUITest.getToPage1(PageOneUITest.java:18)
Caused by: org.openqa.selenium.remote.ScreenshotException: Screen shot has been taken
Build info: version: &apos;2.24.1&apos;, revision: &apos;17205&apos;, time: &apos;2012-06-19 15:28:49&apos;
System info: os.name: &apos;Mac OS X&apos;, os.arch: &apos;x86_64&apos;, os.version: &apos;10.6.8&apos;, java.version: &apos;1.6.0_33&apos;
Driver info: driver.version: RemoteWebDriver
	at org.openqa.selenium.remote.ErrorHandler.throwIfResponseFailed(ErrorHandler.java:99)
	... 26 more
Caused by: org.openqa.selenium.NoSuchElementException: Unable to find element with css selector == //button[@type=&apos;submit&apos;] (WARNING: The server did not provide any stacktrace information)
Command duration or timeout: 10.15 seconds
For documentation on this error, please visit: http://seleniumhq.org/exceptions/no_such_element.html
Build info: version: &apos;2.25.0&apos;, revision: &apos;17482&apos;, time: &apos;2012-07-18 21:08:56&apos;
System info: os.name: &apos;Windows Server 2008 R2&apos;, os.arch: &apos;amd64&apos;, os.version: &apos;6.1&apos;, java.version: &apos;1.6.0_25&apos;
Driver info: driver.version: EventFiringWebDriver
Session ID: b1d14394-e89f-4342-9e56-31c297e6ddac
For documentation on this error, please visit: http://seleniumhq.org/exceptions/no_such_element.html
Build info: version: &apos;2.24.1&apos;, revision: &apos;17205&apos;, time: &apos;2012-06-19 15:28:49&apos;
System info: os.name: &apos;Mac OS X&apos;, os.arch: &apos;x86_64&apos;, os.version: &apos;10.6.8&apos;, java.version: &apos;1.6.0_33&apos;
Driver info: driver.version: EventFiringWebDriver
	at sun.reflect.NativeConstructorAccessorImpl.newInstance0(Native Method)
	at sun.reflect.NativeConstructorAccessorImpl.newInstance(NativeConstructorAccessorImpl.java:39)
	at sun.reflect.DelegatingConstructorAccessorImpl.newInstance(DelegatingConstructorAccessorImpl.java:27)
	at java.lang.reflect.Constructor.newInstance(Constructor.java:513)
	at org.openqa.selenium.remote.ErrorHandler.createThrowable(ErrorHandler.java:188)
	at org.openqa.selenium.remote.ErrorHandler.throwIfResponseFailed(ErrorHandler.java:145)
	at org.openqa.selenium.remote.RemoteWebDriver.execute(RemoteWebDriver.java:498)
	at org.openqa.selenium.remote.RemoteWebDriver.findElement(RemoteWebDriver.java:268)
	at org.openqa.selenium.remote.RemoteWebDriver.findElementByCssSelector(RemoteWebDriver.java:345)
	at org.openqa.selenium.By$ByCssSelector.findElement(By.java:406)
	at org.openqa.selenium.remote.RemoteWebDriver.findElement(RemoteWebDriver.java:260)
	at sun.reflect.NativeMethodAccessorImpl.invoke0(Native Method)
	at sun.reflect.NativeMethodAccessorImpl.invoke(NativeMethodAccessorImpl.java:39)
	at sun.reflect.DelegatingMethodAccessorImpl.invoke(DelegatingMethodAccessorImpl.java:25)
	at java.lang.reflect.Method.invoke(Method.java:597)
	at org.openqa.selenium.support.events.EventFiringWebDriver$2.invoke(EventFiringWebDriver.java:101)
	at $Proxy2.findElement(Unknown Source)
	at org.openqa.selenium.support.events.EventFiringWebDriver.findElement(EventFiringWebDriver.java:180)
	at org.openqa.selenium.remote.server.handler.FindElement.call(FindElement.java:47)
	at org.openqa.selenium.remote.server.handler.FindElement.call(FindElement.java:1)
	at java.util.concurrent.FutureTask$Sync.innerRun(FutureTask.java:303)
	at java.util.concurrent.FutureTask.run(FutureTask.java:138)
	at org.openqa.selenium.remote.server.DefaultSession$1.run(DefaultSession.java:150)
	at java.util.concurrent.ThreadPoolExecutor$Worker.runTask(ThreadPoolExecutor.java:886)
	at java.util.concurrent.ThreadPoolExecutor$Worker.run(ThreadPoolExecutor.java:908)
	at java.lang.Thread.run(Thread.java:662)
</failure>
  </testcase>
  <testcase time="0" classname="com.qmetric.tests.PageOneUITest" name="testAddressSearch">
    <skipped/>
  </testcase>
  <testcase time="0" classname="com.qmetric.tests.PageOneUITest" name="getToPage1">
    <skipped/>
  </testcase>
  <testcase time="0.001" classname="com.qmetric.tests.PageOneUITest" name="testPropertyTypeDropDowns">
    <skipped/>
  </testcase>
  <testcase time="0.001" classname="com.qmetric.tests.PageOneUITest" name="getToPage1">
    <skipped/>
  </testcase>
  <testcase time="0" classname="com.qmetric.tests.PageOneUITest" name="testAddressSearchValidationText">
    <skipped/>
  </testcase>
  <testcase time="0" classname="com.qmetric.tests.PageOneUITest" name="getToPage1">
    <skipped/>
  </testcase>
  <testcase time="0" classname="com.qmetric.tests.PageOneUITest" name="testPageTitle">
    <skipped/>
  </testcase>
  <testcase time="0" classname="com.qmetric.tests.PageOneUITest" name="getToPage1">
    <skipped/>
  </testcase>
  <testcase time="0" classname="com.qmetric.tests.PageOneUITest" name="testAddressManualEdit">
    <skipped/>
  </testcase>
</testsuite>